---------------------------------------------------------------
[ 2018-06-14T09:38:27+08:00 ] 127.0.0.1 GET /admin/index/index
[ info ] idatamind.com/admin/index/index [运行时间：0.024917s][吞吐率：40.13req/s] [内存消耗：1,161.55kb] [文件加载：55]
[ info ] [ LANG ] E:\www\adminlte\thinkphp\lang\zh-cn.php
[ info ] [ ROUTE ] array (
)
[ info ] [ HEADER ] array (
  'accept-language' => 'zh-CN,zh;q=0.9',
  'accept-encoding' => 'gzip, deflate',
  'accept' => 'text/html,application/xhtml+xml,application/xml;q=0.9,image/webp,image/apng,*/*;q=0.8',
  'user-agent' => 'Mozilla/5.0 (Windows NT 10.0; WOW64) AppleWebKit/537.36 (KHTML, like Gecko) Chrome/66.0.3359.170 Safari/537.36 OPR/53.0.2907.68',
  'upgrade-insecure-requests' => '1',
  'connection' => 'close',
  'host' => 'idatamind.com',
)
[ info ] [ PARAM ] array (
)
[ info ] [ VIEW ] E:\www\adminlte\application\admin\view\index\index.html [ array (
) ]
[ info ] [ LOG ] INIT File
---------------------------------------------------------------
[ 2018-06-14T09:38:29+08:00 ] 127.0.0.1 GET /admin/user/users.html
[ info ] idatamind.com/admin/user/users.html [运行时间：0.022479s][吞吐率：44.49req/s] [内存消耗：1,161.91kb] [文件加载：55]
[ info ] [ LANG ] E:\www\adminlte\thinkphp\lang\zh-cn.php
[ info ] [ ROUTE ] array (
)
[ info ] [ HEADER ] array (
  'accept-language' => 'zh-CN,zh;q=0.9',
  'accept-encoding' => 'gzip, deflate',
  'referer' => 'http://idatamind.com/admin/index/index',
  'accept' => 'text/html,application/xhtml+xml,application/xml;q=0.9,image/webp,image/apng,*/*;q=0.8',
  'user-agent' => 'Mozilla/5.0 (Windows NT 10.0; WOW64) AppleWebKit/537.36 (KHTML, like Gecko) Chrome/66.0.3359.170 Safari/537.36 OPR/53.0.2907.68',
  'upgrade-insecure-requests' => '1',
  'connection' => 'close',
  'host' => 'idatamind.com',
)
[ info ] [ PARAM ] array (
)
[ info ] [ VIEW ] E:\www\adminlte\application\admin\view\user\users.html [ array (
) ]
[ info ] [ LOG ] INIT File
---------------------------------------------------------------
[ 2018-06-14T09:38:33+08:00 ] 127.0.0.1 GET /admin/user/users.html
[ info ] idatamind.com/admin/user/users.html [运行时间：0.023328s][吞吐率：42.87req/s] [内存消耗：1,161.94kb] [文件加载：55]
[ info ] [ LANG ] E:\www\adminlte\thinkphp\lang\zh-cn.php
[ info ] [ ROUTE ] array (
)
[ info ] [ HEADER ] array (
  'accept-language' => 'zh-CN,zh;q=0.9',
  'accept-encoding' => 'gzip, deflate',
  'referer' => 'http://idatamind.com/admin/user/users.html',
  'accept' => 'text/html,application/xhtml+xml,application/xml;q=0.9,image/webp,image/apng,*/*;q=0.8',
  'user-agent' => 'Mozilla/5.0 (Windows NT 10.0; WOW64) AppleWebKit/537.36 (KHTML, like Gecko) Chrome/66.0.3359.170 Safari/537.36 OPR/53.0.2907.68',
  'upgrade-insecure-requests' => '1',
  'connection' => 'close',
  'host' => 'idatamind.com',
)
[ info ] [ PARAM ] array (
)
[ info ] [ VIEW ] E:\www\adminlte\application\admin\view\user\users.html [ array (
) ]
[ info ] [ LOG ] INIT File
---------------------------------------------------------------
[ 2018-06-14T09:39:11+08:00 ] 127.0.0.1 GET /admin/posts/posts.html
[ info ] idatamind.com/admin/posts/posts.html [运行时间：0.021321s][吞吐率：46.90req/s] [内存消耗：1,162.70kb] [文件加载：55]
[ info ] [ LANG ] E:\www\adminlte\thinkphp\lang\zh-cn.php
[ info ] [ ROUTE ] array (
)
[ info ] [ HEADER ] array (
  'accept-language' => 'zh-CN,zh;q=0.9',
  'accept-encoding' => 'gzip, deflate',
  'referer' => 'http://idatamind.com/admin/user/users.html',
  'accept' => 'text/html,application/xhtml+xml,application/xml;q=0.9,image/webp,image/apng,*/*;q=0.8',
  'user-agent' => 'Mozilla/5.0 (Windows NT 10.0; WOW64) AppleWebKit/537.36 (KHTML, like Gecko) Chrome/66.0.3359.170 Safari/537.36 OPR/53.0.2907.68',
  'upgrade-insecure-requests' => '1',
  'connection' => 'close',
  'host' => 'idatamind.com',
)
[ info ] [ PARAM ] array (
)
[ info ] [ VIEW ] E:\www\adminlte\application\admin\view\posts\posts.html [ array (
) ]
[ info ] [ LOG ] INIT File
---------------------------------------------------------------
[ 2018-06-14T09:39:39+08:00 ] 127.0.0.1 GET /admin/posts/add.html
[ info ] idatamind.com/admin/posts/add.html [运行时间：0.026604s][吞吐率：37.59req/s] [内存消耗：1,329.62kb] [文件加载：57]
[ info ] [ LANG ] E:\www\adminlte\thinkphp\lang\zh-cn.php
[ info ] [ ROUTE ] array (
)
[ info ] [ HEADER ] array (
  'accept-language' => 'zh-CN,zh;q=0.9',
  'accept-encoding' => 'gzip, deflate',
  'referer' => 'http://idatamind.com/admin/posts/posts.html',
  'accept' => 'text/html,application/xhtml+xml,application/xml;q=0.9,image/webp,image/apng,*/*;q=0.8',
  'user-agent' => 'Mozilla/5.0 (Windows NT 10.0; WOW64) AppleWebKit/537.36 (KHTML, like Gecko) Chrome/66.0.3359.170 Safari/537.36 OPR/53.0.2907.68',
  'upgrade-insecure-requests' => '1',
  'connection' => 'close',
  'host' => 'idatamind.com',
)
[ info ] [ PARAM ] array (
)
[ info ] [ VIEW ] E:\www\adminlte\application\admin\view\posts\add.html [ array (
) ]
[ info ] [ LOG ] INIT File
---------------------------------------------------------------
[ 2018-06-14T09:40:57+08:00 ] 127.0.0.1 GET /admin/posts/add.html
[ info ] idatamind.com/admin/posts/add.html [运行时间：0.027111s][吞吐率：36.89req/s] [内存消耗：1,329.80kb] [文件加载：57]
[ info ] [ LANG ] E:\www\adminlte\thinkphp\lang\zh-cn.php
[ info ] [ ROUTE ] array (
)
[ info ] [ HEADER ] array (
  'accept-language' => 'zh-CN,zh;q=0.9',
  'accept-encoding' => 'gzip, deflate',
  'referer' => 'http://idatamind.com/admin/posts/posts.html',
  'accept' => 'text/html,application/xhtml+xml,application/xml;q=0.9,image/webp,image/apng,*/*;q=0.8',
  'user-agent' => 'Mozilla/5.0 (Windows NT 10.0; WOW64) AppleWebKit/537.36 (KHTML, like Gecko) Chrome/66.0.3359.170 Safari/537.36 OPR/53.0.2907.68',
  'upgrade-insecure-requests' => '1',
  'cache-control' => 'max-age=0',
  'connection' => 'close',
  'host' => 'idatamind.com',
)
[ info ] [ PARAM ] array (
)
[ info ] [ VIEW ] E:\www\adminlte\application\admin\view\posts\add.html [ array (
) ]
[ info ] [ LOG ] INIT File
---------------------------------------------------------------
[ 2018-06-14T10:01:23+08:00 ] 127.0.0.1 GET /admin/posts/posts.html
[ info ] idatamind.com/admin/posts/posts.html [运行时间：0.024453s][吞吐率：40.89req/s] [内存消耗：1,162.62kb] [文件加载：55]
[ info ] [ LANG ] E:\www\adminlte\thinkphp\lang\zh-cn.php
[ info ] [ ROUTE ] array (
)
[ info ] [ HEADER ] array (
  'accept-language' => 'zh-CN,zh;q=0.9',
  'accept-encoding' => 'gzip, deflate',
  'referer' => 'http://idatamind.com/admin/posts/add.html',
  'accept' => 'text/html,application/xhtml+xml,application/xml;q=0.9,image/webp,image/apng,*/*;q=0.8',
  'user-agent' => 'Mozilla/5.0 (Windows NT 10.0; WOW64) AppleWebKit/537.36 (KHTML, like Gecko) Chrome/66.0.3359.170 Safari/537.36 OPR/53.0.2907.68',
  'upgrade-insecure-requests' => '1',
  'connection' => 'close',
  'host' => 'idatamind.com',
)
[ info ] [ PARAM ] array (
)
[ info ] [ VIEW ] E:\www\adminlte\application\admin\view\posts\posts.html [ array (
) ]
[ info ] [ LOG ] INIT File
---------------------------------------------------------------
[ 2018-06-14T10:03:51+08:00 ] 127.0.0.1 GET /admin/posts/posts.html
[ info ] idatamind.com/admin/posts/posts.html [运行时间：0.025754s][吞吐率：38.83req/s] [内存消耗：1,323.97kb] [文件加载：57]
[ info ] [ LANG ] E:\www\adminlte\thinkphp\lang\zh-cn.php
[ info ] [ ROUTE ] array (
)
[ info ] [ HEADER ] array (
  'accept-language' => 'zh-CN,zh;q=0.9',
  'accept-encoding' => 'gzip, deflate',
  'referer' => 'http://idatamind.com/admin/posts/add.html',
  'accept' => 'text/html,application/xhtml+xml,application/xml;q=0.9,image/webp,image/apng,*/*;q=0.8',
  'user-agent' => 'Mozilla/5.0 (Windows NT 10.0; WOW64) AppleWebKit/537.36 (KHTML, like Gecko) Chrome/66.0.3359.170 Safari/537.36 OPR/53.0.2907.68',
  'upgrade-insecure-requests' => '1',
  'cache-control' => 'max-age=0',
  'connection' => 'close',
  'host' => 'idatamind.com',
)
[ info ] [ PARAM ] array (
)
[ info ] [ VIEW ] E:\www\adminlte\application\admin\view\posts\posts.html [ array (
) ]
[ info ] [ LOG ] INIT File
---------------------------------------------------------------
[ 2018-06-14T10:54:21+08:00 ] 127.0.0.1 GET /admin/posts/posts.html
[ info ] idatamind.com/admin/posts/posts.html [运行时间：0.026623s][吞吐率：37.56req/s] [内存消耗：1,327.97kb] [文件加载：57]
[ info ] [ LANG ] E:\www\adminlte\thinkphp\lang\zh-cn.php
[ info ] [ ROUTE ] array (
)
[ info ] [ HEADER ] array (
  'accept-language' => 'zh-CN,zh;q=0.9',
  'accept-encoding' => 'gzip, deflate',
  'referer' => 'http://idatamind.com/admin/posts/add.html',
  'accept' => 'text/html,application/xhtml+xml,application/xml;q=0.9,image/webp,image/apng,*/*;q=0.8',
  'user-agent' => 'Mozilla/5.0 (Windows NT 10.0; WOW64) AppleWebKit/537.36 (KHTML, like Gecko) Chrome/66.0.3359.170 Safari/537.36 OPR/53.0.2907.68',
  'upgrade-insecure-requests' => '1',
  'cache-control' => 'max-age=0',
  'connection' => 'close',
  'host' => 'idatamind.com',
)
[ info ] [ PARAM ] array (
)
[ info ] [ VIEW ] E:\www\adminlte\application\admin\view\posts\posts.html [ array (
) ]
[ info ] [ LOG ] INIT File
---------------------------------------------------------------
[ 2018-06-14T10:54:52+08:00 ] 127.0.0.1 GET /admin/posts/posts.html
[ info ] idatamind.com/admin/posts/posts.html [运行时间：0.023655s][吞吐率：42.27req/s] [内存消耗：1,327.95kb] [文件加载：57]
[ info ] [ LANG ] E:\www\adminlte\thinkphp\lang\zh-cn.php
[ info ] [ ROUTE ] array (
)
[ info ] [ HEADER ] array (
  'accept-language' => 'zh-CN,zh;q=0.9',
  'accept-encoding' => 'gzip, deflate',
  'referer' => 'http://idatamind.com/admin/posts/add.html',
  'accept' => 'text/html,application/xhtml+xml,application/xml;q=0.9,image/webp,image/apng,*/*;q=0.8',
  'user-agent' => 'Mozilla/5.0 (Windows NT 10.0; WOW64) AppleWebKit/537.36 (KHTML, like Gecko) Chrome/66.0.3359.170 Safari/537.36 OPR/53.0.2907.68',
  'upgrade-insecure-requests' => '1',
  'cache-control' => 'max-age=0',
  'connection' => 'close',
  'host' => 'idatamind.com',
)
[ info ] [ PARAM ] array (
)
[ info ] [ VIEW ] E:\www\adminlte\application\admin\view\posts\posts.html [ array (
) ]
[ info ] [ LOG ] INIT File
---------------------------------------------------------------
[ 2018-06-14T10:55:44+08:00 ] 127.0.0.1 GET /admin/posts/posts.html
[ info ] idatamind.com/admin/posts/posts.html [运行时间：0.023805s][吞吐率：42.01req/s] [内存消耗：1,327.11kb] [文件加载：57]
[ info ] [ LANG ] E:\www\adminlte\thinkphp\lang\zh-cn.php
[ info ] [ ROUTE ] array (
)
[ info ] [ HEADER ] array (
  'accept-language' => 'zh-CN,zh;q=0.9',
  'accept-encoding' => 'gzip, deflate',
  'referer' => 'http://idatamind.com/admin/posts/add.html',
  'accept' => 'text/html,application/xhtml+xml,application/xml;q=0.9,image/webp,image/apng,*/*;q=0.8',
  'user-agent' => 'Mozilla/5.0 (Windows NT 10.0; WOW64) AppleWebKit/537.36 (KHTML, like Gecko) Chrome/66.0.3359.170 Safari/537.36 OPR/53.0.2907.68',
  'upgrade-insecure-requests' => '1',
  'cache-control' => 'max-age=0',
  'connection' => 'close',
  'host' => 'idatamind.com',
)
[ info ] [ PARAM ] array (
)
[ info ] [ VIEW ] E:\www\adminlte\application\admin\view\posts\posts.html [ array (
) ]
[ info ] [ LOG ] INIT File
---------------------------------------------------------------
[ 2018-06-14T10:57:01+08:00 ] 127.0.0.1 GET /admin/posts/posts.html
[ info ] idatamind.com/admin/posts/posts.html [运行时间：0.026952s][吞吐率：37.10req/s] [内存消耗：1,341.60kb] [文件加载：57]
[ info ] [ LANG ] E:\www\adminlte\thinkphp\lang\zh-cn.php
[ info ] [ ROUTE ] array (
)
[ info ] [ HEADER ] array (
  'accept-language' => 'zh-CN,zh;q=0.9',
  'accept-encoding' => 'gzip, deflate',
  'referer' => 'http://idatamind.com/admin/posts/add.html',
  'accept' => 'text/html,application/xhtml+xml,application/xml;q=0.9,image/webp,image/apng,*/*;q=0.8',
  'user-agent' => 'Mozilla/5.0 (Windows NT 10.0; WOW64) AppleWebKit/537.36 (KHTML, like Gecko) Chrome/66.0.3359.170 Safari/537.36 OPR/53.0.2907.68',
  'upgrade-insecure-requests' => '1',
  'cache-control' => 'max-age=0',
  'connection' => 'close',
  'host' => 'idatamind.com',
)
[ info ] [ PARAM ] array (
)
[ info ] [ VIEW ] E:\www\adminlte\application\admin\view\posts\posts.html [ array (
) ]
[ info ] [ LOG ] INIT File
---------------------------------------------------------------
[ 2018-06-14T10:59:30+08:00 ] 127.0.0.1 GET /admin/posts/posts.html
[ info ] idatamind.com/admin/posts/posts.html [运行时间：0.024943s][吞吐率：40.09req/s] [内存消耗：1,325.67kb] [文件加载：57]
[ info ] [ LANG ] E:\www\adminlte\thinkphp\lang\zh-cn.php
[ info ] [ ROUTE ] array (
)
[ info ] [ HEADER ] array (
  'accept-language' => 'zh-CN,zh;q=0.9',
  'accept-encoding' => 'gzip, deflate',
  'referer' => 'http://idatamind.com/admin/posts/add.html',
  'accept' => 'text/html,application/xhtml+xml,application/xml;q=0.9,image/webp,image/apng,*/*;q=0.8',
  'user-agent' => 'Mozilla/5.0 (Windows NT 10.0; WOW64) AppleWebKit/537.36 (KHTML, like Gecko) Chrome/66.0.3359.170 Safari/537.36 OPR/53.0.2907.68',
  'upgrade-insecure-requests' => '1',
  'cache-control' => 'max-age=0',
  'connection' => 'close',
  'host' => 'idatamind.com',
)
[ info ] [ PARAM ] array (
)
[ info ] [ VIEW ] E:\www\adminlte\application\admin\view\posts\posts.html [ array (
) ]
[ info ] [ LOG ] INIT File
---------------------------------------------------------------
[ 2018-06-14T11:04:02+08:00 ] 127.0.0.1 GET /admin/posts/posts.html
[ info ] idatamind.com/admin/posts/posts.html [运行时间：0.028031s][吞吐率：35.67req/s] [内存消耗：1,327.02kb] [文件加载：57]
[ info ] [ LANG ] E:\www\adminlte\thinkphp\lang\zh-cn.php
[ info ] [ ROUTE ] array (
)
[ info ] [ HEADER ] array (
  'accept-language' => 'zh-CN,zh;q=0.9',
  'accept-encoding' => 'gzip, deflate',
  'referer' => 'http://idatamind.com/admin/posts/add.html',
  'accept' => 'text/html,application/xhtml+xml,application/xml;q=0.9,image/webp,image/apng,*/*;q=0.8',
  'user-agent' => 'Mozilla/5.0 (Windows NT 10.0; WOW64) AppleWebKit/537.36 (KHTML, like Gecko) Chrome/66.0.3359.170 Safari/537.36 OPR/53.0.2907.68',
  'upgrade-insecure-requests' => '1',
  'cache-control' => 'max-age=0',
  'connection' => 'close',
  'host' => 'idatamind.com',
)
[ info ] [ PARAM ] array (
)
[ info ] [ VIEW ] E:\www\adminlte\application\admin\view\posts\posts.html [ array (
) ]
[ info ] [ LOG ] INIT File
---------------------------------------------------------------
[ 2018-06-14T11:13:33+08:00 ] 127.0.0.1 GET /admin/posts/posts.html
[ info ] idatamind.com/admin/posts/posts.html [运行时间：0.029818s][吞吐率：33.54req/s] [内存消耗：1,327.15kb] [文件加载：57]
[ info ] [ LANG ] E:\www\adminlte\thinkphp\lang\zh-cn.php
[ info ] [ ROUTE ] array (
)
[ info ] [ HEADER ] array (
  'accept-language' => 'zh-CN,zh;q=0.9',
  'accept-encoding' => 'gzip, deflate',
  'referer' => 'http://idatamind.com/admin/posts/add.html',
  'accept' => 'text/html,application/xhtml+xml,application/xml;q=0.9,image/webp,image/apng,*/*;q=0.8',
  'user-agent' => 'Mozilla/5.0 (Windows NT 10.0; WOW64) AppleWebKit/537.36 (KHTML, like Gecko) Chrome/66.0.3359.170 Safari/537.36 OPR/53.0.2907.68',
  'upgrade-insecure-requests' => '1',
  'cache-control' => 'max-age=0',
  'connection' => 'close',
  'host' => 'idatamind.com',
)
[ info ] [ PARAM ] array (
)
[ info ] [ VIEW ] E:\www\adminlte\application\admin\view\posts\posts.html [ array (
) ]
[ info ] [ LOG ] INIT File
---------------------------------------------------------------
[ 2018-06-14T11:13:56+08:00 ] 127.0.0.1 GET /admin/posts/posts.html
[ info ] idatamind.com/admin/posts/posts.html [运行时间：0.024356s][吞吐率：41.06req/s] [内存消耗：1,327.49kb] [文件加载：57]
[ info ] [ LANG ] E:\www\adminlte\thinkphp\lang\zh-cn.php
[ info ] [ ROUTE ] array (
)
[ info ] [ HEADER ] array (
  'accept-language' => 'zh-CN,zh;q=0.9',
  'accept-encoding' => 'gzip, deflate',
  'referer' => 'http://idatamind.com/admin/posts/add.html',
  'accept' => 'text/html,application/xhtml+xml,application/xml;q=0.9,image/webp,image/apng,*/*;q=0.8',
  'user-agent' => 'Mozilla/5.0 (Windows NT 10.0; WOW64) AppleWebKit/537.36 (KHTML, like Gecko) Chrome/66.0.3359.170 Safari/537.36 OPR/53.0.2907.68',
  'upgrade-insecure-requests' => '1',
  'cache-control' => 'max-age=0',
  'connection' => 'close',
  'host' => 'idatamind.com',
)
[ info ] [ PARAM ] array (
)
[ info ] [ VIEW ] E:\www\adminlte\application\admin\view\posts\posts.html [ array (
) ]
[ info ] [ LOG ] INIT File
---------------------------------------------------------------
[ 2018-06-14T11:15:14+08:00 ] 127.0.0.1 GET /admin/posts/posts.html
[ info ] idatamind.com/admin/posts/posts.html [运行时间：0.025028s][吞吐率：39.96req/s] [内存消耗：1,327.49kb] [文件加载：57]
[ info ] [ LANG ] E:\www\adminlte\thinkphp\lang\zh-cn.php
[ info ] [ ROUTE ] array (
)
[ info ] [ HEADER ] array (
  'accept-language' => 'zh-CN,zh;q=0.9',
  'accept-encoding' => 'gzip, deflate',
  'referer' => 'http://idatamind.com/admin/posts/add.html',
  'accept' => 'text/html,application/xhtml+xml,application/xml;q=0.9,image/webp,image/apng,*/*;q=0.8',
  'user-agent' => 'Mozilla/5.0 (Windows NT 10.0; WOW64) AppleWebKit/537.36 (KHTML, like Gecko) Chrome/66.0.3359.170 Safari/537.36 OPR/53.0.2907.68',
  'upgrade-insecure-requests' => '1',
  'cache-control' => 'max-age=0',
  'connection' => 'close',
  'host' => 'idatamind.com',
)
[ info ] [ PARAM ] array (
)
[ info ] [ VIEW ] E:\www\adminlte\application\admin\view\posts\posts.html [ array (
) ]
[ info ] [ LOG ] INIT File
---------------------------------------------------------------
[ 2018-06-14T11:15:25+08:00 ] 127.0.0.1 GET /admin/posts/posts.html
[ info ] idatamind.com/admin/posts/posts.html [运行时间：0.023361s][吞吐率：42.81req/s] [内存消耗：1,327.52kb] [文件加载：57]
[ info ] [ LANG ] E:\www\adminlte\thinkphp\lang\zh-cn.php
[ info ] [ ROUTE ] array (
)
[ info ] [ HEADER ] array (
  'accept-language' => 'zh-CN,zh;q=0.9',
  'accept-encoding' => 'gzip, deflate',
  'referer' => 'http://idatamind.com/admin/posts/add.html',
  'accept' => 'text/html,application/xhtml+xml,application/xml;q=0.9,image/webp,image/apng,*/*;q=0.8',
  'user-agent' => 'Mozilla/5.0 (Windows NT 10.0; WOW64) AppleWebKit/537.36 (KHTML, like Gecko) Chrome/66.0.3359.170 Safari/537.36 OPR/53.0.2907.68',
  'upgrade-insecure-requests' => '1',
  'cache-control' => 'max-age=0',
  'connection' => 'close',
  'host' => 'idatamind.com',
)
[ info ] [ PARAM ] array (
)
[ info ] [ VIEW ] E:\www\adminlte\application\admin\view\posts\posts.html [ array (
) ]
[ info ] [ LOG ] INIT File
---------------------------------------------------------------
[ 2018-06-14T11:17:38+08:00 ] 127.0.0.1 GET /admin/posts/posts.html
[ info ] idatamind.com/admin/posts/posts.html [运行时间：0.026090s][吞吐率：38.33req/s] [内存消耗：1,328.47kb] [文件加载：57]
[ info ] [ LANG ] E:\www\adminlte\thinkphp\lang\zh-cn.php
[ info ] [ ROUTE ] array (
)
[ info ] [ HEADER ] array (
  'accept-language' => 'zh-CN,zh;q=0.9',
  'accept-encoding' => 'gzip, deflate',
  'referer' => 'http://idatamind.com/admin/posts/add.html',
  'accept' => 'text/html,application/xhtml+xml,application/xml;q=0.9,image/webp,image/apng,*/*;q=0.8',
  'user-agent' => 'Mozilla/5.0 (Windows NT 10.0; WOW64) AppleWebKit/537.36 (KHTML, like Gecko) Chrome/66.0.3359.170 Safari/537.36 OPR/53.0.2907.68',
  'upgrade-insecure-requests' => '1',
  'cache-control' => 'max-age=0',
  'connection' => 'close',
  'host' => 'idatamind.com',
)
[ info ] [ PARAM ] array (
)
[ info ] [ VIEW ] E:\www\adminlte\application\admin\view\posts\posts.html [ array (
) ]
[ info ] [ LOG ] INIT File
---------------------------------------------------------------
[ 2018-06-14T11:18:43+08:00 ] 127.0.0.1 GET /admin/posts/posts.html
[ info ] idatamind.com/admin/posts/posts.html [运行时间：0.023601s][吞吐率：42.37req/s] [内存消耗：1,328.81kb] [文件加载：57]
[ info ] [ LANG ] E:\www\adminlte\thinkphp\lang\zh-cn.php
[ info ] [ ROUTE ] array (
)
[ info ] [ HEADER ] array (
  'accept-language' => 'zh-CN,zh;q=0.9',
  'accept-encoding' => 'gzip, deflate',
  'referer' => 'http://idatamind.com/admin/posts/add.html',
  'accept' => 'text/html,application/xhtml+xml,application/xml;q=0.9,image/webp,image/apng,*/*;q=0.8',
  'user-agent' => 'Mozilla/5.0 (Windows NT 10.0; WOW64) AppleWebKit/537.36 (KHTML, like Gecko) Chrome/66.0.3359.170 Safari/537.36 OPR/53.0.2907.68',
  'upgrade-insecure-requests' => '1',
  'cache-control' => 'max-age=0',
  'connection' => 'close',
  'host' => 'idatamind.com',
)
[ info ] [ PARAM ] array (
)
[ info ] [ VIEW ] E:\www\adminlte\application\admin\view\posts\posts.html [ array (
) ]
[ info ] [ LOG ] INIT File
---------------------------------------------------------------
[ 2018-06-14T11:19:12+08:00 ] 127.0.0.1 GET /admin/posts/posts.html
[ info ] idatamind.com/admin/posts/posts.html [运行时间：0.023854s][吞吐率：41.92req/s] [内存消耗：1,328.83kb] [文件加载：57]
[ info ] [ LANG ] E:\www\adminlte\thinkphp\lang\zh-cn.php
[ info ] [ ROUTE ] array (
)
[ info ] [ HEADER ] array (
  'accept-language' => 'zh-CN,zh;q=0.9',
  'accept-encoding' => 'gzip, deflate',
  'referer' => 'http://idatamind.com/admin/posts/add.html',
  'accept' => 'text/html,application/xhtml+xml,application/xml;q=0.9,image/webp,image/apng,*/*;q=0.8',
  'user-agent' => 'Mozilla/5.0 (Windows NT 10.0; WOW64) AppleWebKit/537.36 (KHTML, like Gecko) Chrome/66.0.3359.170 Safari/537.36 OPR/53.0.2907.68',
  'upgrade-insecure-requests' => '1',
  'cache-control' => 'max-age=0',
  'connection' => 'close',
  'host' => 'idatamind.com',
)
[ info ] [ PARAM ] array (
)
[ info ] [ VIEW ] E:\www\adminlte\application\admin\view\posts\posts.html [ array (
) ]
[ info ] [ LOG ] INIT File
---------------------------------------------------------------
[ 2018-06-14T11:19:32+08:00 ] 127.0.0.1 GET /admin/posts/posts.html
[ info ] idatamind.com/admin/posts/posts.html [运行时间：0.024497s][吞吐率：40.82req/s] [内存消耗：1,328.88kb] [文件加载：57]
[ info ] [ LANG ] E:\www\adminlte\thinkphp\lang\zh-cn.php
[ info ] [ ROUTE ] array (
)
[ info ] [ HEADER ] array (
  'accept-language' => 'zh-CN,zh;q=0.9',
  'accept-encoding' => 'gzip, deflate',
  'referer' => 'http://idatamind.com/admin/posts/add.html',
  'accept' => 'text/html,application/xhtml+xml,application/xml;q=0.9,image/webp,image/apng,*/*;q=0.8',
  'user-agent' => 'Mozilla/5.0 (Windows NT 10.0; WOW64) AppleWebKit/537.36 (KHTML, like Gecko) Chrome/66.0.3359.170 Safari/537.36 OPR/53.0.2907.68',
  'upgrade-insecure-requests' => '1',
  'cache-control' => 'max-age=0',
  'connection' => 'close',
  'host' => 'idatamind.com',
)
[ info ] [ PARAM ] array (
)
[ info ] [ VIEW ] E:\www\adminlte\application\admin\view\posts\posts.html [ array (
) ]
[ info ] [ LOG ] INIT File
---------------------------------------------------------------
[ 2018-06-14T11:19:46+08:00 ] 127.0.0.1 GET /admin/posts/posts.html
[ info ] idatamind.com/admin/posts/posts.html [运行时间：0.026117s][吞吐率：38.29req/s] [内存消耗：1,328.83kb] [文件加载：57]
[ info ] [ LANG ] E:\www\adminlte\thinkphp\lang\zh-cn.php
[ info ] [ ROUTE ] array (
)
[ info ] [ HEADER ] array (
  'accept-language' => 'zh-CN,zh;q=0.9',
  'accept-encoding' => 'gzip, deflate',
  'referer' => 'http://idatamind.com/admin/posts/add.html',
  'accept' => 'text/html,application/xhtml+xml,application/xml;q=0.9,image/webp,image/apng,*/*;q=0.8',
  'user-agent' => 'Mozilla/5.0 (Windows NT 10.0; WOW64) AppleWebKit/537.36 (KHTML, like Gecko) Chrome/66.0.3359.170 Safari/537.36 OPR/53.0.2907.68',
  'upgrade-insecure-requests' => '1',
  'cache-control' => 'max-age=0',
  'connection' => 'close',
  'host' => 'idatamind.com',
)
[ info ] [ PARAM ] array (
)
[ info ] [ VIEW ] E:\www\adminlte\application\admin\view\posts\posts.html [ array (
) ]
[ info ] [ LOG ] INIT File
---------------------------------------------------------------
[ 2018-06-14T11:19:58+08:00 ] 127.0.0.1 GET /admin/posts/posts.html
[ info ] idatamind.com/admin/posts/posts.html [运行时间：0.025235s][吞吐率：39.63req/s] [内存消耗：1,328.83kb] [文件加载：57]
[ info ] [ LANG ] E:\www\adminlte\thinkphp\lang\zh-cn.php
[ info ] [ ROUTE ] array (
)
[ info ] [ HEADER ] array (
  'accept-language' => 'zh-CN,zh;q=0.9',
  'accept-encoding' => 'gzip, deflate',
  'referer' => 'http://idatamind.com/admin/posts/add.html',
  'accept' => 'text/html,application/xhtml+xml,application/xml;q=0.9,image/webp,image/apng,*/*;q=0.8',
  'user-agent' => 'Mozilla/5.0 (Windows NT 10.0; WOW64) AppleWebKit/537.36 (KHTML, like Gecko) Chrome/66.0.3359.170 Safari/537.36 OPR/53.0.2907.68',
  'upgrade-insecure-requests' => '1',
  'cache-control' => 'max-age=0',
  'connection' => 'close',
  'host' => 'idatamind.com',
)
[ info ] [ PARAM ] array (
)
[ info ] [ VIEW ] E:\www\adminlte\application\admin\view\posts\posts.html [ array (
) ]
[ info ] [ LOG ] INIT File
---------------------------------------------------------------
[ 2018-06-14T11:21:44+08:00 ] 127.0.0.1 GET /admin/posts/posts.html
[ info ] idatamind.com/admin/posts/posts.html [运行时间：0.028561s][吞吐率：35.01req/s] [内存消耗：1,329.45kb] [文件加载：57]
[ info ] [ LANG ] E:\www\adminlte\thinkphp\lang\zh-cn.php
[ info ] [ ROUTE ] array (
)
[ info ] [ HEADER ] array (
  'accept-language' => 'zh-CN,zh;q=0.9',
  'accept-encoding' => 'gzip, deflate',
  'referer' => 'http://idatamind.com/admin/posts/add.html',
  'accept' => 'text/html,application/xhtml+xml,application/xml;q=0.9,image/webp,image/apng,*/*;q=0.8',
  'user-agent' => 'Mozilla/5.0 (Windows NT 10.0; WOW64) AppleWebKit/537.36 (KHTML, like Gecko) Chrome/66.0.3359.170 Safari/537.36 OPR/53.0.2907.68',
  'upgrade-insecure-requests' => '1',
  'cache-control' => 'max-age=0',
  'connection' => 'close',
  'host' => 'idatamind.com',
)
[ info ] [ PARAM ] array (
)
[ info ] [ VIEW ] E:\www\adminlte\application\admin\view\posts\posts.html [ array (
) ]
[ info ] [ LOG ] INIT File
---------------------------------------------------------------
[ 2018-06-14T11:25:40+08:00 ] 127.0.0.1 GET /admin/posts/posts.html
[ info ] idatamind.com/admin/posts/posts.html [运行时间：0.026191s][吞吐率：38.18req/s] [内存消耗：1,328.62kb] [文件加载：57]
[ info ] [ LANG ] E:\www\adminlte\thinkphp\lang\zh-cn.php
[ info ] [ ROUTE ] array (
)
[ info ] [ HEADER ] array (
  'accept-language' => 'zh-CN,zh;q=0.9',
  'accept-encoding' => 'gzip, deflate',
  'referer' => 'http://idatamind.com/admin/posts/add.html',
  'accept' => 'text/html,application/xhtml+xml,application/xml;q=0.9,image/webp,image/apng,*/*;q=0.8',
  'user-agent' => 'Mozilla/5.0 (Windows NT 10.0; WOW64) AppleWebKit/537.36 (KHTML, like Gecko) Chrome/66.0.3359.170 Safari/537.36 OPR/53.0.2907.68',
  'upgrade-insecure-requests' => '1',
  'cache-control' => 'max-age=0',
  'connection' => 'close',
  'host' => 'idatamind.com',
)
[ info ] [ PARAM ] array (
)
[ info ] [ VIEW ] E:\www\adminlte\application\admin\view\posts\posts.html [ array (
) ]
[ info ] [ LOG ] INIT File
---------------------------------------------------------------
[ 2018-06-14T11:26:05+08:00 ] 127.0.0.1 GET /admin/posts/posts.html
[ info ] idatamind.com/admin/posts/posts.html [运行时间：0.024472s][吞吐率：40.86req/s] [内存消耗：1,328.70kb] [文件加载：57]
[ info ] [ LANG ] E:\www\adminlte\thinkphp\lang\zh-cn.php
[ info ] [ ROUTE ] array (
)
[ info ] [ HEADER ] array (
  'accept-language' => 'zh-CN,zh;q=0.9',
  'accept-encoding' => 'gzip, deflate',
  'referer' => 'http://idatamind.com/admin/posts/add.html',
  'accept' => 'text/html,application/xhtml+xml,application/xml;q=0.9,image/webp,image/apng,*/*;q=0.8',
  'user-agent' => 'Mozilla/5.0 (Windows NT 10.0; WOW64) AppleWebKit/537.36 (KHTML, like Gecko) Chrome/66.0.3359.170 Safari/537.36 OPR/53.0.2907.68',
  'upgrade-insecure-requests' => '1',
  'cache-control' => 'max-age=0',
  'connection' => 'close',
  'host' => 'idatamind.com',
)
[ info ] [ PARAM ] array (
)
[ info ] [ VIEW ] E:\www\adminlte\application\admin\view\posts\posts.html [ array (
) ]
[ info ] [ LOG ] INIT File
---------------------------------------------------------------
[ 2018-06-14T11:26:17+08:00 ] 127.0.0.1 GET /admin/posts/posts.html
[ info ] idatamind.com/admin/posts/posts.html [运行时间：0.024030s][吞吐率：41.61req/s] [内存消耗：1,328.73kb] [文件加载：57]
[ info ] [ LANG ] E:\www\adminlte\thinkphp\lang\zh-cn.php
[ info ] [ ROUTE ] array (
)
[ info ] [ HEADER ] array (
  'accept-language' => 'zh-CN,zh;q=0.9',
  'accept-encoding' => 'gzip, deflate',
  'referer' => 'http://idatamind.com/admin/posts/add.html',
  'accept' => 'text/html,application/xhtml+xml,application/xml;q=0.9,image/webp,image/apng,*/*;q=0.8',
  'user-agent' => 'Mozilla/5.0 (Windows NT 10.0; WOW64) AppleWebKit/537.36 (KHTML, like Gecko) Chrome/66.0.3359.170 Safari/537.36 OPR/53.0.2907.68',
  'upgrade-insecure-requests' => '1',
  'cache-control' => 'max-age=0',
  'connection' => 'close',
  'host' => 'idatamind.com',
)
[ info ] [ PARAM ] array (
)
[ info ] [ VIEW ] E:\www\adminlte\application\admin\view\posts\posts.html [ array (
) ]
[ info ] [ LOG ] INIT File
---------------------------------------------------------------
[ 2018-06-14T11:26:37+08:00 ] 127.0.0.1 GET /admin/posts/posts.html
[ info ] idatamind.com/admin/posts/posts.html [运行时间：0.024905s][吞吐率：40.15req/s] [内存消耗：1,328.73kb] [文件加载：57]
[ info ] [ LANG ] E:\www\adminlte\thinkphp\lang\zh-cn.php
[ info ] [ ROUTE ] array (
)
[ info ] [ HEADER ] array (
  'accept-language' => 'zh-CN,zh;q=0.9',
  'accept-encoding' => 'gzip, deflate',
  'referer' => 'http://idatamind.com/admin/posts/add.html',
  'accept' => 'text/html,application/xhtml+xml,application/xml;q=0.9,image/webp,image/apng,*/*;q=0.8',
  'user-agent' => 'Mozilla/5.0 (Windows NT 10.0; WOW64) AppleWebKit/537.36 (KHTML, like Gecko) Chrome/66.0.3359.170 Safari/537.36 OPR/53.0.2907.68',
  'upgrade-insecure-requests' => '1',
  'cache-control' => 'max-age=0',
  'connection' => 'close',
  'host' => 'idatamind.com',
)
[ info ] [ PARAM ] array (
)
[ info ] [ VIEW ] E:\www\adminlte\application\admin\view\posts\posts.html [ array (
) ]
[ info ] [ LOG ] INIT File
---------------------------------------------------------------
[ 2018-06-14T11:26:54+08:00 ] 127.0.0.1 GET /admin/posts/posts.html
[ info ] idatamind.com/admin/posts/posts.html [运行时间：0.021874s][吞吐率：45.72req/s] [内存消耗：1,328.69kb] [文件加载：57]
[ info ] [ LANG ] E:\www\adminlte\thinkphp\lang\zh-cn.php
[ info ] [ ROUTE ] array (
)
[ info ] [ HEADER ] array (
  'accept-language' => 'zh-CN,zh;q=0.9',
  'accept-encoding' => 'gzip, deflate',
  'referer' => 'http://idatamind.com/admin/posts/add.html',
  'accept' => 'text/html,application/xhtml+xml,application/xml;q=0.9,image/webp,image/apng,*/*;q=0.8',
  'user-agent' => 'Mozilla/5.0 (Windows NT 10.0; WOW64) AppleWebKit/537.36 (KHTML, like Gecko) Chrome/66.0.3359.170 Safari/537.36 OPR/53.0.2907.68',
  'upgrade-insecure-requests' => '1',
  'cache-control' => 'max-age=0',
  'connection' => 'close',
  'host' => 'idatamind.com',
)
[ info ] [ PARAM ] array (
)
[ info ] [ VIEW ] E:\www\adminlte\application\admin\view\posts\posts.html [ array (
) ]
[ info ] [ LOG ] INIT File
---------------------------------------------------------------
[ 2018-06-14T11:27:33+08:00 ] 127.0.0.1 GET /admin/posts/posts.html
[ info ] idatamind.com/admin/posts/posts.html [运行时间：0.024388s][吞吐率：41.00req/s] [内存消耗：1,328.73kb] [文件加载：57]
[ info ] [ LANG ] E:\www\adminlte\thinkphp\lang\zh-cn.php
[ info ] [ ROUTE ] array (
)
[ info ] [ HEADER ] array (
  'accept-language' => 'zh-CN,zh;q=0.9',
  'accept-encoding' => 'gzip, deflate',
  'referer' => 'http://idatamind.com/admin/posts/add.html',
  'accept' => 'text/html,application/xhtml+xml,application/xml;q=0.9,image/webp,image/apng,*/*;q=0.8',
  'user-agent' => 'Mozilla/5.0 (Windows NT 10.0; WOW64) AppleWebKit/537.36 (KHTML, like Gecko) Chrome/66.0.3359.170 Safari/537.36 OPR/53.0.2907.68',
  'upgrade-insecure-requests' => '1',
  'cache-control' => 'max-age=0',
  'connection' => 'close',
  'host' => 'idatamind.com',
)
[ info ] [ PARAM ] array (
)
[ info ] [ VIEW ] E:\www\adminlte\application\admin\view\posts\posts.html [ array (
) ]
[ info ] [ LOG ] INIT File
---------------------------------------------------------------
[ 2018-06-14T11:28:13+08:00 ] 127.0.0.1 GET /admin/posts/posts.html
[ info ] idatamind.com/admin/posts/posts.html [运行时间：0.024763s][吞吐率：40.38req/s] [内存消耗：1,328.73kb] [文件加载：57]
[ info ] [ LANG ] E:\www\adminlte\thinkphp\lang\zh-cn.php
[ info ] [ ROUTE ] array (
)
[ info ] [ HEADER ] array (
  'accept-language' => 'zh-CN,zh;q=0.9',
  'accept-encoding' => 'gzip, deflate',
  'referer' => 'http://idatamind.com/admin/posts/add.html',
  'accept' => 'text/html,application/xhtml+xml,application/xml;q=0.9,image/webp,image/apng,*/*;q=0.8',
  'user-agent' => 'Mozilla/5.0 (Windows NT 10.0; WOW64) AppleWebKit/537.36 (KHTML, like Gecko) Chrome/66.0.3359.170 Safari/537.36 OPR/53.0.2907.68',
  'upgrade-insecure-requests' => '1',
  'cache-control' => 'max-age=0',
  'connection' => 'close',
  'host' => 'idatamind.com',
)
[ info ] [ PARAM ] array (
)
[ info ] [ VIEW ] E:\www\adminlte\application\admin\view\posts\posts.html [ array (
) ]
[ info ] [ LOG ] INIT File
---------------------------------------------------------------
[ 2018-06-14T11:29:58+08:00 ] 127.0.0.1 GET /admin/posts/posts.html
[ info ] idatamind.com/admin/posts/posts.html [运行时间：0.025785s][吞吐率：38.78req/s] [内存消耗：1,328.89kb] [文件加载：57]
[ info ] [ LANG ] E:\www\adminlte\thinkphp\lang\zh-cn.php
[ info ] [ ROUTE ] array (
)
[ info ] [ HEADER ] array (
  'accept-language' => 'zh-CN,zh;q=0.9',
  'accept-encoding' => 'gzip, deflate',
  'referer' => 'http://idatamind.com/admin/posts/add.html',
  'accept' => 'text/html,application/xhtml+xml,application/xml;q=0.9,image/webp,image/apng,*/*;q=0.8',
  'user-agent' => 'Mozilla/5.0 (Windows NT 10.0; WOW64) AppleWebKit/537.36 (KHTML, like Gecko) Chrome/66.0.3359.170 Safari/537.36 OPR/53.0.2907.68',
  'upgrade-insecure-requests' => '1',
  'cache-control' => 'max-age=0',
  'connection' => 'close',
  'host' => 'idatamind.com',
)
[ info ] [ PARAM ] array (
)
[ info ] [ VIEW ] E:\www\adminlte\application\admin\view\posts\posts.html [ array (
) ]
[ info ] [ LOG ] INIT File
---------------------------------------------------------------
[ 2018-06-14T11:43:30+08:00 ] 127.0.0.1 GET /admin/posts/posts.html
[ info ] idatamind.com/admin/posts/posts.html [运行时间：0.027476s][吞吐率：36.40req/s] [内存消耗：1,328.95kb] [文件加载：57]
[ info ] [ LANG ] E:\www\adminlte\thinkphp\lang\zh-cn.php
[ info ] [ ROUTE ] array (
)
[ info ] [ HEADER ] array (
  'accept-language' => 'zh-CN,zh;q=0.9',
  'accept-encoding' => 'gzip, deflate',
  'referer' => 'http://idatamind.com/admin/posts/add.html',
  'accept' => 'text/html,application/xhtml+xml,application/xml;q=0.9,image/webp,image/apng,*/*;q=0.8',
  'user-agent' => 'Mozilla/5.0 (Windows NT 10.0; WOW64) AppleWebKit/537.36 (KHTML, like Gecko) Chrome/66.0.3359.170 Safari/537.36 OPR/53.0.2907.68',
  'upgrade-insecure-requests' => '1',
  'cache-control' => 'max-age=0',
  'connection' => 'close',
  'host' => 'idatamind.com',
)
[ info ] [ PARAM ] array (
)
[ info ] [ VIEW ] E:\www\adminlte\application\admin\view\posts\posts.html [ array (
) ]
[ info ] [ LOG ] INIT File
---------------------------------------------------------------
[ 2018-06-14T11:45:51+08:00 ] 127.0.0.1 GET /admin/posts/posts.html
[ info ] idatamind.com/admin/posts/posts.html [运行时间：0.025499s][吞吐率：39.22req/s] [内存消耗：1,330.30kb] [文件加载：57]
[ info ] [ LANG ] E:\www\adminlte\thinkphp\lang\zh-cn.php
[ info ] [ ROUTE ] array (
)
[ info ] [ HEADER ] array (
  'accept-language' => 'zh-CN,zh;q=0.9',
  'accept-encoding' => 'gzip, deflate',
  'referer' => 'http://idatamind.com/admin/posts/add.html',
  'accept' => 'text/html,application/xhtml+xml,application/xml;q=0.9,image/webp,image/apng,*/*;q=0.8',
  'user-agent' => 'Mozilla/5.0 (Windows NT 10.0; WOW64) AppleWebKit/537.36 (KHTML, like Gecko) Chrome/66.0.3359.170 Safari/537.36 OPR/53.0.2907.68',
  'upgrade-insecure-requests' => '1',
  'cache-control' => 'max-age=0',
  'connection' => 'close',
  'host' => 'idatamind.com',
)
[ info ] [ PARAM ] array (
)
[ info ] [ VIEW ] E:\www\adminlte\application\admin\view\posts\posts.html [ array (
) ]
[ info ] [ LOG ] INIT File
---------------------------------------------------------------
[ 2018-06-14T11:46:51+08:00 ] 127.0.0.1 GET /admin/posts/posts.html
[ info ] idatamind.com/admin/posts/posts.html [运行时间：0.023789s][吞吐率：42.04req/s] [内存消耗：1,330.30kb] [文件加载：57]
[ info ] [ LANG ] E:\www\adminlte\thinkphp\lang\zh-cn.php
[ info ] [ ROUTE ] array (
)
[ info ] [ HEADER ] array (
  'accept-language' => 'zh-CN,zh;q=0.9',
  'accept-encoding' => 'gzip, deflate',
  'referer' => 'http://idatamind.com/admin/posts/add.html',
  'accept' => 'text/html,application/xhtml+xml,application/xml;q=0.9,image/webp,image/apng,*/*;q=0.8',
  'user-agent' => 'Mozilla/5.0 (Windows NT 10.0; WOW64) AppleWebKit/537.36 (KHTML, like Gecko) Chrome/66.0.3359.170 Safari/537.36 OPR/53.0.2907.68',
  'upgrade-insecure-requests' => '1',
  'cache-control' => 'max-age=0',
  'connection' => 'close',
  'host' => 'idatamind.com',
)
[ info ] [ PARAM ] array (
)
[ info ] [ VIEW ] E:\www\adminlte\application\admin\view\posts\posts.html [ array (
) ]
[ info ] [ LOG ] INIT File
---------------------------------------------------------------
[ 2018-06-14T11:47:01+08:00 ] 127.0.0.1 GET /admin/posts/posts.html
[ info ] idatamind.com/admin/posts/posts.html [运行时间：0.024281s][吞吐率：41.18req/s] [内存消耗：1,330.34kb] [文件加载：57]
[ info ] [ LANG ] E:\www\adminlte\thinkphp\lang\zh-cn.php
[ info ] [ ROUTE ] array (
)
[ info ] [ HEADER ] array (
  'accept-language' => 'zh-CN,zh;q=0.9',
  'accept-encoding' => 'gzip, deflate',
  'referer' => 'http://idatamind.com/admin/posts/add.html',
  'accept' => 'text/html,application/xhtml+xml,application/xml;q=0.9,image/webp,image/apng,*/*;q=0.8',
  'user-agent' => 'Mozilla/5.0 (Windows NT 10.0; WOW64) AppleWebKit/537.36 (KHTML, like Gecko) Chrome/66.0.3359.170 Safari/537.36 OPR/53.0.2907.68',
  'upgrade-insecure-requests' => '1',
  'cache-control' => 'max-age=0',
  'connection' => 'close',
  'host' => 'idatamind.com',
)
[ info ] [ PARAM ] array (
)
[ info ] [ VIEW ] E:\www\adminlte\application\admin\view\posts\posts.html [ array (
) ]
[ info ] [ LOG ] INIT File
---------------------------------------------------------------
[ 2018-06-14T11:47:42+08:00 ] 127.0.0.1 GET /admin/posts/posts.html
[ info ] idatamind.com/admin/posts/posts.html [运行时间：0.023648s][吞吐率：42.29req/s] [内存消耗：1,330.36kb] [文件加载：57]
[ info ] [ LANG ] E:\www\adminlte\thinkphp\lang\zh-cn.php
[ info ] [ ROUTE ] array (
)
[ info ] [ HEADER ] array (
  'accept-language' => 'zh-CN,zh;q=0.9',
  'accept-encoding' => 'gzip, deflate',
  'referer' => 'http://idatamind.com/admin/posts/add.html',
  'accept' => 'text/html,application/xhtml+xml,application/xml;q=0.9,image/webp,image/apng,*/*;q=0.8',
  'user-agent' => 'Mozilla/5.0 (Windows NT 10.0; WOW64) AppleWebKit/537.36 (KHTML, like Gecko) Chrome/66.0.3359.170 Safari/537.36 OPR/53.0.2907.68',
  'upgrade-insecure-requests' => '1',
  'cache-control' => 'max-age=0',
  'connection' => 'close',
  'host' => 'idatamind.com',
)
[ info ] [ PARAM ] array (
)
[ info ] [ VIEW ] E:\www\adminlte\application\admin\view\posts\posts.html [ array (
) ]
[ info ] [ LOG ] INIT File
---------------------------------------------------------------
[ 2018-06-14T11:47:52+08:00 ] 127.0.0.1 GET /admin/posts/posts.html
[ info ] idatamind.com/admin/posts/posts.html [运行时间：0.025407s][吞吐率：39.36req/s] [内存消耗：1,330.36kb] [文件加载：57]
[ info ] [ LANG ] E:\www\adminlte\thinkphp\lang\zh-cn.php
[ info ] [ ROUTE ] array (
)
[ info ] [ HEADER ] array (
  'accept-language' => 'zh-CN,zh;q=0.9',
  'accept-encoding' => 'gzip, deflate',
  'referer' => 'http://idatamind.com/admin/posts/add.html',
  'accept' => 'text/html,application/xhtml+xml,application/xml;q=0.9,image/webp,image/apng,*/*;q=0.8',
  'user-agent' => 'Mozilla/5.0 (Windows NT 10.0; WOW64) AppleWebKit/537.36 (KHTML, like Gecko) Chrome/66.0.3359.170 Safari/537.36 OPR/53.0.2907.68',
  'upgrade-insecure-requests' => '1',
  'cache-control' => 'max-age=0',
  'connection' => 'close',
  'host' => 'idatamind.com',
)
[ info ] [ PARAM ] array (
)
[ info ] [ VIEW ] E:\www\adminlte\application\admin\view\posts\posts.html [ array (
) ]
[ info ] [ LOG ] INIT File
---------------------------------------------------------------
[ 2018-06-14T11:48:08+08:00 ] 127.0.0.1 GET /admin/posts/posts.html
[ info ] idatamind.com/admin/posts/posts.html [运行时间：0.021030s][吞吐率：47.55req/s] [内存消耗：1,162.98kb] [文件加载：55]
[ info ] [ LANG ] E:\www\adminlte\thinkphp\lang\zh-cn.php
[ info ] [ ROUTE ] array (
)
[ info ] [ HEADER ] array (
  'accept-language' => 'zh-CN,zh;q=0.9',
  'accept-encoding' => 'gzip, deflate',
  'referer' => 'http://idatamind.com/admin/posts/add.html',
  'accept' => 'text/html,application/xhtml+xml,application/xml;q=0.9,image/webp,image/apng,*/*;q=0.8',
  'user-agent' => 'Mozilla/5.0 (iPhone; CPU iPhone OS 11_0 like Mac OS X) AppleWebKit/604.1.38 (KHTML, like Gecko) Version/11.0 Mobile/15A372 Safari/604.1',
  'upgrade-insecure-requests' => '1',
  'cache-control' => 'max-age=0',
  'connection' => 'close',
  'host' => 'idatamind.com',
)
[ info ] [ PARAM ] array (
)
[ info ] [ VIEW ] E:\www\adminlte\application\admin\view\posts\posts.html [ array (
) ]
[ info ] [ LOG ] INIT File
---------------------------------------------------------------
[ 2018-06-14T11:48:26+08:00 ] 127.0.0.1 GET /admin/posts/posts.html
[ info ] idatamind.com/admin/posts/posts.html [运行时间：0.021669s][吞吐率：46.15req/s] [内存消耗：1,162.90kb] [文件加载：55]
[ info ] [ LANG ] E:\www\adminlte\thinkphp\lang\zh-cn.php
[ info ] [ ROUTE ] array (
)
[ info ] [ HEADER ] array (
  'accept-language' => 'zh-CN,zh;q=0.9',
  'accept-encoding' => 'gzip, deflate',
  'referer' => 'http://idatamind.com/admin/posts/add.html',
  'accept' => 'text/html,application/xhtml+xml,application/xml;q=0.9,image/webp,image/apng,*/*;q=0.8',
  'user-agent' => 'Mozilla/5.0 (Windows NT 10.0; WOW64) AppleWebKit/537.36 (KHTML, like Gecko) Chrome/66.0.3359.170 Safari/537.36 OPR/53.0.2907.68',
  'upgrade-insecure-requests' => '1',
  'cache-control' => 'max-age=0',
  'connection' => 'close',
  'host' => 'idatamind.com',
)
[ info ] [ PARAM ] array (
)
[ info ] [ VIEW ] E:\www\adminlte\application\admin\view\posts\posts.html [ array (
) ]
[ info ] [ LOG ] INIT File
---------------------------------------------------------------
[ 2018-06-14T11:49:21+08:00 ] 127.0.0.1 GET /admin/posts/posts.html
[ info ] idatamind.com/admin/posts/posts.html [运行时间：0.023205s][吞吐率：43.09req/s] [内存消耗：1,330.41kb] [文件加载：57]
[ info ] [ LANG ] E:\www\adminlte\thinkphp\lang\zh-cn.php
[ info ] [ ROUTE ] array (
)
[ info ] [ HEADER ] array (
  'accept-language' => 'zh-CN,zh;q=0.9',
  'accept-encoding' => 'gzip, deflate',
  'referer' => 'http://idatamind.com/admin/posts/add.html',
  'accept' => 'text/html,application/xhtml+xml,application/xml;q=0.9,image/webp,image/apng,*/*;q=0.8',
  'user-agent' => 'Mozilla/5.0 (Windows NT 10.0; WOW64) AppleWebKit/537.36 (KHTML, like Gecko) Chrome/66.0.3359.170 Safari/537.36 OPR/53.0.2907.68',
  'upgrade-insecure-requests' => '1',
  'cache-control' => 'max-age=0',
  'connection' => 'close',
  'host' => 'idatamind.com',
)
[ info ] [ PARAM ] array (
)
[ info ] [ VIEW ] E:\www\adminlte\application\admin\view\posts\posts.html [ array (
) ]
[ info ] [ LOG ] INIT File
---------------------------------------------------------------
[ 2018-06-14T11:49:55+08:00 ] 127.0.0.1 GET /admin/posts/posts.html
[ info ] idatamind.com/admin/posts/posts.html [运行时间：0.025975s][吞吐率：38.50req/s] [内存消耗：1,330.41kb] [文件加载：57]
[ info ] [ LANG ] E:\www\adminlte\thinkphp\lang\zh-cn.php
[ info ] [ ROUTE ] array (
)
[ info ] [ HEADER ] array (
  'accept-language' => 'zh-CN,zh;q=0.9',
  'accept-encoding' => 'gzip, deflate',
  'referer' => 'http://idatamind.com/admin/posts/add.html',
  'accept' => 'text/html,application/xhtml+xml,application/xml;q=0.9,image/webp,image/apng,*/*;q=0.8',
  'user-agent' => 'Mozilla/5.0 (Windows NT 10.0; WOW64) AppleWebKit/537.36 (KHTML, like Gecko) Chrome/66.0.3359.170 Safari/537.36 OPR/53.0.2907.68',
  'upgrade-insecure-requests' => '1',
  'cache-control' => 'max-age=0',
  'connection' => 'close',
  'host' => 'idatamind.com',
)
[ info ] [ PARAM ] array (
)
[ info ] [ VIEW ] E:\www\adminlte\application\admin\view\posts\posts.html [ array (
) ]
[ info ] [ LOG ] INIT File
---------------------------------------------------------------
[ 2018-06-14T11:50:05+08:00 ] 127.0.0.1 GET /admin/posts/posts.html
[ info ] idatamind.com/admin/posts/posts.html [运行时间：0.024321s][吞吐率：41.12req/s] [内存消耗：1,330.33kb] [文件加载：57]
[ info ] [ LANG ] E:\www\adminlte\thinkphp\lang\zh-cn.php
[ info ] [ ROUTE ] array (
)
[ info ] [ HEADER ] array (
  'accept-language' => 'zh-CN,zh;q=0.9',
  'accept-encoding' => 'gzip, deflate',
  'referer' => 'http://idatamind.com/admin/posts/add.html',
  'accept' => 'text/html,application/xhtml+xml,application/xml;q=0.9,image/webp,image/apng,*/*;q=0.8',
  'user-agent' => 'Mozilla/5.0 (Windows NT 10.0; WOW64) AppleWebKit/537.36 (KHTML, like Gecko) Chrome/66.0.3359.170 Safari/537.36 OPR/53.0.2907.68',
  'upgrade-insecure-requests' => '1',
  'cache-control' => 'max-age=0',
  'connection' => 'close',
  'host' => 'idatamind.com',
)
[ info ] [ PARAM ] array (
)
[ info ] [ VIEW ] E:\www\adminlte\application\admin\view\posts\posts.html [ array (
) ]
[ info ] [ LOG ] INIT File
---------------------------------------------------------------
[ 2018-06-14T11:50:31+08:00 ] 127.0.0.1 GET /admin/posts/posts.html
[ info ] idatamind.com/admin/posts/posts.html [运行时间：0.024667s][吞吐率：40.54req/s] [内存消耗：1,330.14kb] [文件加载：57]
[ info ] [ LANG ] E:\www\adminlte\thinkphp\lang\zh-cn.php
[ info ] [ ROUTE ] array (
)
[ info ] [ HEADER ] array (
  'accept-language' => 'zh-CN,zh;q=0.9',
  'accept-encoding' => 'gzip, deflate',
  'referer' => 'http://idatamind.com/admin/posts/add.html',
  'accept' => 'text/html,application/xhtml+xml,application/xml;q=0.9,image/webp,image/apng,*/*;q=0.8',
  'user-agent' => 'Mozilla/5.0 (iPhone; CPU iPhone OS 11_0 like Mac OS X) AppleWebKit/604.1.38 (KHTML, like Gecko) Version/11.0 Mobile/15A372 Safari/604.1',
  'upgrade-insecure-requests' => '1',
  'cache-control' => 'max-age=0',
  'connection' => 'close',
  'host' => 'idatamind.com',
)
[ info ] [ PARAM ] array (
)
[ info ] [ VIEW ] E:\www\adminlte\application\admin\view\posts\posts.html [ array (
) ]
[ info ] [ LOG ] INIT File
---------------------------------------------------------------
[ 2018-06-14T11:51:13+08:00 ] 127.0.0.1 GET /admin/posts/posts.html
[ info ] idatamind.com/admin/posts/posts.html [运行时间：0.023687s][吞吐率：42.22req/s] [内存消耗：1,330.21kb] [文件加载：57]
[ info ] [ LANG ] E:\www\adminlte\thinkphp\lang\zh-cn.php
[ info ] [ ROUTE ] array (
)
[ info ] [ HEADER ] array (
  'accept-language' => 'zh-CN,zh;q=0.9',
  'accept-encoding' => 'gzip, deflate',
  'referer' => 'http://idatamind.com/admin/posts/add.html',
  'accept' => 'text/html,application/xhtml+xml,application/xml;q=0.9,image/webp,image/apng,*/*;q=0.8',
  'user-agent' => 'Mozilla/5.0 (iPhone; CPU iPhone OS 11_0 like Mac OS X) AppleWebKit/604.1.38 (KHTML, like Gecko) Version/11.0 Mobile/15A372 Safari/604.1',
  'upgrade-insecure-requests' => '1',
  'cache-control' => 'max-age=0',
  'connection' => 'close',
  'host' => 'idatamind.com',
)
[ info ] [ PARAM ] array (
)
[ info ] [ VIEW ] E:\www\adminlte\application\admin\view\posts\posts.html [ array (
) ]
[ info ] [ LOG ] INIT File
---------------------------------------------------------------
[ 2018-06-14T11:51:20+08:00 ] 127.0.0.1 GET /admin/posts/posts.html
[ info ] idatamind.com/admin/posts/posts.html [运行时间：0.028195s][吞吐率：35.47req/s] [内存消耗：1,330.13kb] [文件加载：57]
[ info ] [ LANG ] E:\www\adminlte\thinkphp\lang\zh-cn.php
[ info ] [ ROUTE ] array (
)
[ info ] [ HEADER ] array (
  'accept-language' => 'zh-CN,zh;q=0.9',
  'accept-encoding' => 'gzip, deflate',
  'referer' => 'http://idatamind.com/admin/posts/add.html',
  'accept' => 'text/html,application/xhtml+xml,application/xml;q=0.9,image/webp,image/apng,*/*;q=0.8',
  'user-agent' => 'Mozilla/5.0 (iPhone; CPU iPhone OS 11_0 like Mac OS X) AppleWebKit/604.1.38 (KHTML, like Gecko) Version/11.0 Mobile/15A372 Safari/604.1',
  'upgrade-insecure-requests' => '1',
  'cache-control' => 'max-age=0',
  'connection' => 'close',
  'host' => 'idatamind.com',
)
[ info ] [ PARAM ] array (
)
[ info ] [ VIEW ] E:\www\adminlte\application\admin\view\posts\posts.html [ array (
) ]
[ info ] [ LOG ] INIT File
---------------------------------------------------------------
[ 2018-06-14T11:51:26+08:00 ] 127.0.0.1 GET /admin/posts/posts.html
[ info ] idatamind.com/admin/posts/posts.html [运行时间：0.022299s][吞吐率：44.84req/s] [内存消耗：1,162.93kb] [文件加载：55]
[ info ] [ LANG ] E:\www\adminlte\thinkphp\lang\zh-cn.php
[ info ] [ ROUTE ] array (
)
[ info ] [ HEADER ] array (
  'accept-language' => 'zh-CN,zh;q=0.9',
  'accept-encoding' => 'gzip, deflate',
  'referer' => 'http://idatamind.com/admin/posts/add.html',
  'accept' => 'text/html,application/xhtml+xml,application/xml;q=0.9,image/webp,image/apng,*/*;q=0.8',
  'user-agent' => 'Mozilla/5.0 (Windows NT 10.0; WOW64) AppleWebKit/537.36 (KHTML, like Gecko) Chrome/66.0.3359.170 Safari/537.36 OPR/53.0.2907.68',
  'upgrade-insecure-requests' => '1',
  'cache-control' => 'max-age=0',
  'connection' => 'close',
  'host' => 'idatamind.com',
)
[ info ] [ PARAM ] array (
)
[ info ] [ VIEW ] E:\www\adminlte\application\admin\view\posts\posts.html [ array (
) ]
[ info ] [ LOG ] INIT File
---------------------------------------------------------------
[ 2018-06-14T11:51:42+08:00 ] 127.0.0.1 GET /admin/posts/posts.html
[ info ] idatamind.com/admin/posts/posts.html [运行时间：0.025041s][吞吐率：39.93req/s] [内存消耗：1,330.21kb] [文件加载：57]
[ info ] [ LANG ] E:\www\adminlte\thinkphp\lang\zh-cn.php
[ info ] [ ROUTE ] array (
)
[ info ] [ HEADER ] array (
  'accept-language' => 'zh-CN,zh;q=0.9',
  'accept-encoding' => 'gzip, deflate',
  'referer' => 'http://idatamind.com/admin/posts/add.html',
  'accept' => 'text/html,application/xhtml+xml,application/xml;q=0.9,image/webp,image/apng,*/*;q=0.8',
  'user-agent' => 'Mozilla/5.0 (iPhone; CPU iPhone OS 11_0 like Mac OS X) AppleWebKit/604.1.38 (KHTML, like Gecko) Version/11.0 Mobile/15A372 Safari/604.1',
  'upgrade-insecure-requests' => '1',
  'cache-control' => 'max-age=0',
  'connection' => 'close',
  'host' => 'idatamind.com',
)
[ info ] [ PARAM ] array (
)
[ info ] [ VIEW ] E:\www\adminlte\application\admin\view\posts\posts.html [ array (
) ]
[ info ] [ LOG ] INIT File
---------------------------------------------------------------
[ 2018-06-14T11:52:20+08:00 ] 127.0.0.1 GET /admin/posts/posts.html
[ info ] idatamind.com/admin/posts/posts.html [运行时间：0.022581s][吞吐率：44.28req/s] [内存消耗：1,330.25kb] [文件加载：57]
[ info ] [ LANG ] E:\www\adminlte\thinkphp\lang\zh-cn.php
[ info ] [ ROUTE ] array (
)
[ info ] [ HEADER ] array (
  'accept-language' => 'zh-CN,zh;q=0.9',
  'accept-encoding' => 'gzip, deflate',
  'referer' => 'http://idatamind.com/admin/posts/add.html',
  'accept' => 'text/html,application/xhtml+xml,application/xml;q=0.9,image/webp,image/apng,*/*;q=0.8',
  'user-agent' => 'Mozilla/5.0 (iPhone; CPU iPhone OS 11_0 like Mac OS X) AppleWebKit/604.1.38 (KHTML, like Gecko) Version/11.0 Mobile/15A372 Safari/604.1',
  'upgrade-insecure-requests' => '1',
  'cache-control' => 'max-age=0',
  'connection' => 'close',
  'host' => 'idatamind.com',
)
[ info ] [ PARAM ] array (
)
[ info ] [ VIEW ] E:\www\adminlte\application\admin\view\posts\posts.html [ array (
) ]
[ info ] [ LOG ] INIT File
---------------------------------------------------------------
[ 2018-06-14T11:52:27+08:00 ] 127.0.0.1 GET /admin/posts/posts.html
[ info ] idatamind.com/admin/posts/posts.html [运行时间：0.021806s][吞吐率：45.86req/s] [内存消耗：1,162.93kb] [文件加载：55]
[ info ] [ LANG ] E:\www\adminlte\thinkphp\lang\zh-cn.php
[ info ] [ ROUTE ] array (
)
[ info ] [ HEADER ] array (
  'accept-language' => 'zh-CN,zh;q=0.9',
  'accept-encoding' => 'gzip, deflate',
  'referer' => 'http://idatamind.com/admin/posts/add.html',
  'accept' => 'text/html,application/xhtml+xml,application/xml;q=0.9,image/webp,image/apng,*/*;q=0.8',
  'user-agent' => 'Mozilla/5.0 (Windows NT 10.0; WOW64) AppleWebKit/537.36 (KHTML, like Gecko) Chrome/66.0.3359.170 Safari/537.36 OPR/53.0.2907.68',
  'upgrade-insecure-requests' => '1',
  'cache-control' => 'max-age=0',
  'connection' => 'close',
  'host' => 'idatamind.com',
)
[ info ] [ PARAM ] array (
)
[ info ] [ VIEW ] E:\www\adminlte\application\admin\view\posts\posts.html [ array (
) ]
[ info ] [ LOG ] INIT File
---------------------------------------------------------------
[ 2018-06-14T11:55:14+08:00 ] 127.0.0.1 GET /admin/pages/pages.html
[ info ] idatamind.com/admin/pages/pages.html [运行时间：0.025540s][吞吐率：39.15req/s] [内存消耗：1,329.63kb] [文件加载：57]
[ info ] [ LANG ] E:\www\adminlte\thinkphp\lang\zh-cn.php
[ info ] [ ROUTE ] array (
)
[ info ] [ HEADER ] array (
  'accept-language' => 'zh-CN,zh;q=0.9',
  'accept-encoding' => 'gzip, deflate',
  'referer' => 'http://idatamind.com/admin/posts/posts.html',
  'accept' => 'text/html,application/xhtml+xml,application/xml;q=0.9,image/webp,image/apng,*/*;q=0.8',
  'user-agent' => 'Mozilla/5.0 (Windows NT 10.0; WOW64) AppleWebKit/537.36 (KHTML, like Gecko) Chrome/66.0.3359.170 Safari/537.36 OPR/53.0.2907.68',
  'upgrade-insecure-requests' => '1',
  'connection' => 'close',
  'host' => 'idatamind.com',
)
[ info ] [ PARAM ] array (
)
[ info ] [ VIEW ] E:\www\adminlte\application\admin\view\pages\pages.html [ array (
) ]
[ info ] [ LOG ] INIT File
---------------------------------------------------------------
[ 2018-06-14T11:58:18+08:00 ] 127.0.0.1 GET /admin/pages/pages.html
[ info ] idatamind.com/admin/pages/pages.html [运行时间：0.028691s][吞吐率：34.85req/s] [内存消耗：1,329.70kb] [文件加载：57]
[ info ] [ LANG ] E:\www\adminlte\thinkphp\lang\zh-cn.php
[ info ] [ ROUTE ] array (
)
[ info ] [ HEADER ] array (
  'accept-language' => 'zh-CN,zh;q=0.9',
  'accept-encoding' => 'gzip, deflate',
  'referer' => 'http://idatamind.com/admin/posts/posts.html',
  'accept' => 'text/html,application/xhtml+xml,application/xml;q=0.9,image/webp,image/apng,*/*;q=0.8',
  'user-agent' => 'Mozilla/5.0 (Windows NT 10.0; WOW64) AppleWebKit/537.36 (KHTML, like Gecko) Chrome/66.0.3359.170 Safari/537.36 OPR/53.0.2907.68',
  'upgrade-insecure-requests' => '1',
  'cache-control' => 'max-age=0',
  'connection' => 'close',
  'host' => 'idatamind.com',
)
[ info ] [ PARAM ] array (
)
[ info ] [ VIEW ] E:\www\adminlte\application\admin\view\pages\pages.html [ array (
) ]
[ info ] [ LOG ] INIT File
---------------------------------------------------------------
[ 2018-06-14T11:58:25+08:00 ] 127.0.0.1 GET /admin/pages/pages.html
[ info ] idatamind.com/admin/pages/pages.html [运行时间：0.021673s][吞吐率：46.14req/s] [内存消耗：1,162.35kb] [文件加载：55]
[ info ] [ LANG ] E:\www\adminlte\thinkphp\lang\zh-cn.php
[ info ] [ ROUTE ] array (
)
[ info ] [ HEADER ] array (
  'accept-language' => 'zh-CN,zh;q=0.9',
  'accept-encoding' => 'gzip, deflate',
  'referer' => 'http://idatamind.com/admin/pages/pages.html',
  'accept' => 'text/html,application/xhtml+xml,application/xml;q=0.9,image/webp,image/apng,*/*;q=0.8',
  'user-agent' => 'Mozilla/5.0 (Windows NT 10.0; WOW64) AppleWebKit/537.36 (KHTML, like Gecko) Chrome/66.0.3359.170 Safari/537.36 OPR/53.0.2907.68',
  'upgrade-insecure-requests' => '1',
  'connection' => 'close',
  'host' => 'idatamind.com',
)
[ info ] [ PARAM ] array (
)
[ info ] [ VIEW ] E:\www\adminlte\application\admin\view\pages\pages.html [ array (
) ]
[ info ] [ LOG ] INIT File
---------------------------------------------------------------
[ 2018-06-14T11:58:30+08:00 ] 127.0.0.1 GET /admin/pages/pages.html
[ info ] idatamind.com/admin/pages/pages.html [运行时间：0.023162s][吞吐率：43.17req/s] [内存消耗：1,162.35kb] [文件加载：55]
[ info ] [ LANG ] E:\www\adminlte\thinkphp\lang\zh-cn.php
[ info ] [ ROUTE ] array (
)
[ info ] [ HEADER ] array (
  'accept-language' => 'zh-CN,zh;q=0.9',
  'accept-encoding' => 'gzip, deflate',
  'referer' => 'http://idatamind.com/admin/pages/pages.html',
  'accept' => 'text/html,application/xhtml+xml,application/xml;q=0.9,image/webp,image/apng,*/*;q=0.8',
  'user-agent' => 'Mozilla/5.0 (Windows NT 10.0; WOW64) AppleWebKit/537.36 (KHTML, like Gecko) Chrome/66.0.3359.170 Safari/537.36 OPR/53.0.2907.68',
  'upgrade-insecure-requests' => '1',
  'connection' => 'close',
  'host' => 'idatamind.com',
)
[ info ] [ PARAM ] array (
)
[ info ] [ VIEW ] E:\www\adminlte\application\admin\view\pages\pages.html [ array (
) ]
[ info ] [ LOG ] INIT File
---------------------------------------------------------------
[ 2018-06-14T14:58:02+08:00 ] 127.0.0.1 GET /admin/pages/pages.html
[ info ] idatamind.com/admin/pages/pages.html [运行时间：0.023374s][吞吐率：42.78req/s] [内存消耗：1,162.60kb] [文件加载：55]
[ info ] [ LANG ] E:\www\adminlte\thinkphp\lang\zh-cn.php
[ info ] [ ROUTE ] array (
)
[ info ] [ HEADER ] array (
  'accept-language' => 'zh-CN,zh;q=0.9',
  'accept-encoding' => 'gzip, deflate',
  'referer' => 'http://idatamind.com/admin/pages/pages.html',
  'accept' => 'text/html,application/xhtml+xml,application/xml;q=0.9,image/webp,image/apng,*/*;q=0.8',
  'user-agent' => 'Mozilla/5.0 (Windows NT 10.0; WOW64) AppleWebKit/537.36 (KHTML, like Gecko) Chrome/66.0.3359.170 Safari/537.36 OPR/53.0.2907.68',
  'upgrade-insecure-requests' => '1',
  'cache-control' => 'max-age=0',
  'connection' => 'close',
  'host' => 'idatamind.com',
)
[ info ] [ PARAM ] array (
)
[ info ] [ VIEW ] E:\www\adminlte\application\admin\view\pages\pages.html [ array (
) ]
[ info ] [ LOG ] INIT File
---------------------------------------------------------------
[ 2018-06-14T14:58:58+08:00 ] 127.0.0.1 GET /admin/pages/pages.html
[ info ] idatamind.com/admin/pages/pages.html [运行时间：0.021512s][吞吐率：46.49req/s] [内存消耗：1,162.35kb] [文件加载：55]
[ info ] [ LANG ] E:\www\adminlte\thinkphp\lang\zh-cn.php
[ info ] [ ROUTE ] array (
)
[ info ] [ HEADER ] array (
  'accept-language' => 'zh-CN,zh;q=0.9',
  'accept-encoding' => 'gzip, deflate',
  'referer' => 'http://idatamind.com/admin/pages/pages.html',
  'accept' => 'text/html,application/xhtml+xml,application/xml;q=0.9,image/webp,image/apng,*/*;q=0.8',
  'user-agent' => 'Mozilla/5.0 (Windows NT 10.0; WOW64) AppleWebKit/537.36 (KHTML, like Gecko) Chrome/66.0.3359.170 Safari/537.36 OPR/53.0.2907.68',
  'upgrade-insecure-requests' => '1',
  'connection' => 'close',
  'host' => 'idatamind.com',
)
[ info ] [ PARAM ] array (
)
[ info ] [ VIEW ] E:\www\adminlte\application\admin\view\pages\pages.html [ array (
) ]
[ info ] [ LOG ] INIT File
---------------------------------------------------------------
[ 2018-06-14T14:59:00+08:00 ] 127.0.0.1 GET /admin/pages/add.html
[ info ] idatamind.com/admin/pages/add.html [运行时间：0.026658s][吞吐率：37.51req/s] [内存消耗：1,329.06kb] [文件加载：57]
[ info ] [ LANG ] E:\www\adminlte\thinkphp\lang\zh-cn.php
[ info ] [ ROUTE ] array (
)
[ info ] [ HEADER ] array (
  'accept-language' => 'zh-CN,zh;q=0.9',
  'accept-encoding' => 'gzip, deflate',
  'referer' => 'http://idatamind.com/admin/pages/pages.html',
  'accept' => 'text/html,application/xhtml+xml,application/xml;q=0.9,image/webp,image/apng,*/*;q=0.8',
  'user-agent' => 'Mozilla/5.0 (Windows NT 10.0; WOW64) AppleWebKit/537.36 (KHTML, like Gecko) Chrome/66.0.3359.170 Safari/537.36 OPR/53.0.2907.68',
  'upgrade-insecure-requests' => '1',
  'connection' => 'close',
  'host' => 'idatamind.com',
)
[ info ] [ PARAM ] array (
)
[ info ] [ VIEW ] E:\www\adminlte\application\admin\view\pages\add.html [ array (
) ]
[ info ] [ LOG ] INIT File
---------------------------------------------------------------
[ 2018-06-14T14:59:07+08:00 ] 127.0.0.1 GET /admin/pages/pages.html
[ info ] idatamind.com/admin/pages/pages.html [运行时间：0.022078s][吞吐率：45.29req/s] [内存消耗：1,162.35kb] [文件加载：55]
[ info ] [ LANG ] E:\www\adminlte\thinkphp\lang\zh-cn.php
[ info ] [ ROUTE ] array (
)
[ info ] [ HEADER ] array (
  'accept-language' => 'zh-CN,zh;q=0.9',
  'accept-encoding' => 'gzip, deflate',
  'referer' => 'http://idatamind.com/admin/pages/add.html',
  'accept' => 'text/html,application/xhtml+xml,application/xml;q=0.9,image/webp,image/apng,*/*;q=0.8',
  'user-agent' => 'Mozilla/5.0 (Windows NT 10.0; WOW64) AppleWebKit/537.36 (KHTML, like Gecko) Chrome/66.0.3359.170 Safari/537.36 OPR/53.0.2907.68',
  'upgrade-insecure-requests' => '1',
  'connection' => 'close',
  'host' => 'idatamind.com',
)
[ info ] [ PARAM ] array (
)
[ info ] [ VIEW ] E:\www\adminlte\application\admin\view\pages\pages.html [ array (
) ]
[ info ] [ LOG ] INIT File
---------------------------------------------------------------
[ 2018-06-14T15:00:13+08:00 ] 127.0.0.1 GET /admin/posts/posts.html
[ info ] idatamind.com/admin/posts/posts.html [运行时间：0.026776s][吞吐率：37.35req/s] [内存消耗：1,329.78kb] [文件加载：57]
[ info ] [ LANG ] E:\www\adminlte\thinkphp\lang\zh-cn.php
[ info ] [ ROUTE ] array (
)
[ info ] [ HEADER ] array (
  'accept-language' => 'zh-CN,zh;q=0.9',
  'accept-encoding' => 'gzip, deflate',
  'referer' => 'http://idatamind.com/admin/pages/pages.html',
  'accept' => 'text/html,application/xhtml+xml,application/xml;q=0.9,image/webp,image/apng,*/*;q=0.8',
  'user-agent' => 'Mozilla/5.0 (Windows NT 10.0; WOW64) AppleWebKit/537.36 (KHTML, like Gecko) Chrome/66.0.3359.170 Safari/537.36 OPR/53.0.2907.68',
  'upgrade-insecure-requests' => '1',
  'connection' => 'close',
  'host' => 'idatamind.com',
)
[ info ] [ PARAM ] array (
)
[ info ] [ VIEW ] E:\www\adminlte\application\admin\view\posts\posts.html [ array (
) ]
[ info ] [ LOG ] INIT File
---------------------------------------------------------------
[ 2018-06-14T15:10:15+08:00 ] 127.0.0.1 GET /admin/posts/posts.html
[ info ] idatamind.com/admin/posts/posts.html [运行时间：0.027540s][吞吐率：36.31req/s] [内存消耗：1,329.76kb] [文件加载：57]
[ info ] [ LANG ] E:\www\adminlte\thinkphp\lang\zh-cn.php
[ info ] [ ROUTE ] array (
)
[ info ] [ HEADER ] array (
  'accept-language' => 'zh-CN,zh;q=0.9',
  'accept-encoding' => 'gzip, deflate',
  'referer' => 'http://idatamind.com/admin/pages/pages.html',
  'accept' => 'text/html,application/xhtml+xml,application/xml;q=0.9,image/webp,image/apng,*/*;q=0.8',
  'user-agent' => 'Mozilla/5.0 (Windows NT 10.0; WOW64) AppleWebKit/537.36 (KHTML, like Gecko) Chrome/66.0.3359.170 Safari/537.36 OPR/53.0.2907.68',
  'upgrade-insecure-requests' => '1',
  'cache-control' => 'max-age=0',
  'connection' => 'close',
  'host' => 'idatamind.com',
)
[ info ] [ PARAM ] array (
)
[ info ] [ VIEW ] E:\www\adminlte\application\admin\view\posts\posts.html [ array (
) ]
[ info ] [ LOG ] INIT File
---------------------------------------------------------------
[ 2018-06-14T15:10:18+08:00 ] 127.0.0.1 GET /admin/posts/draft.html
[ info ] idatamind.com/admin/posts/draft.html [运行时间：0.025220s][吞吐率：39.65req/s] [内存消耗：1,329.46kb] [文件加载：57]
[ info ] [ LANG ] E:\www\adminlte\thinkphp\lang\zh-cn.php
[ info ] [ ROUTE ] array (
)
[ info ] [ HEADER ] array (
  'accept-language' => 'zh-CN,zh;q=0.9',
  'accept-encoding' => 'gzip, deflate',
  'referer' => 'http://idatamind.com/admin/posts/posts.html',
  'accept' => 'text/html,application/xhtml+xml,application/xml;q=0.9,image/webp,image/apng,*/*;q=0.8',
  'user-agent' => 'Mozilla/5.0 (Windows NT 10.0; WOW64) AppleWebKit/537.36 (KHTML, like Gecko) Chrome/66.0.3359.170 Safari/537.36 OPR/53.0.2907.68',
  'upgrade-insecure-requests' => '1',
  'connection' => 'close',
  'host' => 'idatamind.com',
)
[ info ] [ PARAM ] array (
)
[ info ] [ VIEW ] E:\www\adminlte\application\admin\view\posts\draft.html [ array (
) ]
[ info ] [ LOG ] INIT File
---------------------------------------------------------------
[ 2018-06-14T15:10:22+08:00 ] 127.0.0.1 GET /admin/pages/draft.html
[ info ] idatamind.com/admin/pages/draft.html [运行时间：0.044319s][吞吐率：22.56req/s] [内存消耗：1,329.43kb] [文件加载：57]
[ info ] [ LANG ] E:\www\adminlte\thinkphp\lang\zh-cn.php
[ info ] [ ROUTE ] array (
)
[ info ] [ HEADER ] array (
  'accept-language' => 'zh-CN,zh;q=0.9',
  'accept-encoding' => 'gzip, deflate',
  'referer' => 'http://idatamind.com/admin/posts/draft.html',
  'accept' => 'text/html,application/xhtml+xml,application/xml;q=0.9,image/webp,image/apng,*/*;q=0.8',
  'user-agent' => 'Mozilla/5.0 (Windows NT 10.0; WOW64) AppleWebKit/537.36 (KHTML, like Gecko) Chrome/66.0.3359.170 Safari/537.36 OPR/53.0.2907.68',
  'upgrade-insecure-requests' => '1',
  'connection' => 'close',
  'host' => 'idatamind.com',
)
[ info ] [ PARAM ] array (
)
[ info ] [ VIEW ] E:\www\adminlte\application\admin\view\pages\draft.html [ array (
) ]
[ info ] [ LOG ] INIT File
---------------------------------------------------------------
[ 2018-06-14T15:13:11+08:00 ] 127.0.0.1 GET /admin/posts/draft.html
[ info ] idatamind.com/admin/posts/draft.html [运行时间：0.027408s][吞吐率：36.49req/s] [内存消耗：1,328.59kb] [文件加载：57]
[ info ] [ LANG ] E:\www\adminlte\thinkphp\lang\zh-cn.php
[ info ] [ ROUTE ] array (
)
[ info ] [ HEADER ] array (
  'accept-language' => 'zh-CN,zh;q=0.9',
  'accept-encoding' => 'gzip, deflate',
  'referer' => 'http://idatamind.com/admin/pages/draft.html',
  'accept' => 'text/html,application/xhtml+xml,application/xml;q=0.9,image/webp,image/apng,*/*;q=0.8',
  'user-agent' => 'Mozilla/5.0 (Windows NT 10.0; WOW64) AppleWebKit/537.36 (KHTML, like Gecko) Chrome/66.0.3359.170 Safari/537.36 OPR/53.0.2907.68',
  'upgrade-insecure-requests' => '1',
  'connection' => 'close',
  'host' => 'idatamind.com',
)
[ info ] [ PARAM ] array (
)
[ info ] [ VIEW ] E:\www\adminlte\application\admin\view\posts\draft.html [ array (
) ]
[ info ] [ LOG ] INIT File
---------------------------------------------------------------
[ 2018-06-14T15:13:33+08:00 ] 127.0.0.1 GET /admin/posts/draft.html
[ info ] idatamind.com/admin/posts/draft.html [运行时间：0.023916s][吞吐率：41.81req/s] [内存消耗：1,328.84kb] [文件加载：57]
[ info ] [ LANG ] E:\www\adminlte\thinkphp\lang\zh-cn.php
[ info ] [ ROUTE ] array (
)
[ info ] [ HEADER ] array (
  'accept-language' => 'zh-CN,zh;q=0.9',
  'accept-encoding' => 'gzip, deflate',
  'referer' => 'http://idatamind.com/admin/pages/draft.html',
  'accept' => 'text/html,application/xhtml+xml,application/xml;q=0.9,image/webp,image/apng,*/*;q=0.8',
  'user-agent' => 'Mozilla/5.0 (Windows NT 10.0; WOW64) AppleWebKit/537.36 (KHTML, like Gecko) Chrome/66.0.3359.170 Safari/537.36 OPR/53.0.2907.68',
  'upgrade-insecure-requests' => '1',
  'cache-control' => 'max-age=0',
  'connection' => 'close',
  'host' => 'idatamind.com',
)
[ info ] [ PARAM ] array (
)
[ info ] [ VIEW ] E:\www\adminlte\application\admin\view\posts\draft.html [ array (
) ]
[ info ] [ LOG ] INIT File
---------------------------------------------------------------
[ 2018-06-14T15:13:47+08:00 ] 127.0.0.1 GET /admin/pages/pages.html
[ info ] idatamind.com/admin/pages/pages.html [运行时间：0.024879s][吞吐率：40.19req/s] [内存消耗：1,329.54kb] [文件加载：57]
[ info ] [ LANG ] E:\www\adminlte\thinkphp\lang\zh-cn.php
[ info ] [ ROUTE ] array (
)
[ info ] [ HEADER ] array (
  'accept-language' => 'zh-CN,zh;q=0.9',
  'accept-encoding' => 'gzip, deflate',
  'referer' => 'http://idatamind.com/admin/posts/draft.html',
  'accept' => 'text/html,application/xhtml+xml,application/xml;q=0.9,image/webp,image/apng,*/*;q=0.8',
  'user-agent' => 'Mozilla/5.0 (Windows NT 10.0; WOW64) AppleWebKit/537.36 (KHTML, like Gecko) Chrome/66.0.3359.170 Safari/537.36 OPR/53.0.2907.68',
  'upgrade-insecure-requests' => '1',
  'connection' => 'close',
  'host' => 'idatamind.com',
)
[ info ] [ PARAM ] array (
)
[ info ] [ VIEW ] E:\www\adminlte\application\admin\view\pages\pages.html [ array (
) ]
[ info ] [ LOG ] INIT File
---------------------------------------------------------------
[ 2018-06-14T15:19:34+08:00 ] 127.0.0.1 GET /admin/pages/pages.html
[ info ] idatamind.com/admin/pages/pages.html [运行时间：0.025294s][吞吐率：39.53req/s] [内存消耗：1,162.66kb] [文件加载：55]
[ info ] [ LANG ] E:\www\adminlte\thinkphp\lang\zh-cn.php
[ info ] [ ROUTE ] array (
)
[ info ] [ HEADER ] array (
  'accept-language' => 'zh-CN,zh;q=0.9',
  'accept-encoding' => 'gzip, deflate',
  'referer' => 'http://idatamind.com/admin/posts/draft.html',
  'accept' => 'text/html,application/xhtml+xml,application/xml;q=0.9,image/webp,image/apng,*/*;q=0.8',
  'user-agent' => 'Mozilla/5.0 (Windows NT 10.0; WOW64) AppleWebKit/537.36 (KHTML, like Gecko) Chrome/66.0.3359.170 Safari/537.36 OPR/53.0.2907.68',
  'upgrade-insecure-requests' => '1',
  'cache-control' => 'max-age=0',
  'connection' => 'close',
  'host' => 'idatamind.com',
)
[ info ] [ PARAM ] array (
)
[ info ] [ VIEW ] E:\www\adminlte\application\admin\view\pages\pages.html [ array (
) ]
[ info ] [ LOG ] INIT File
---------------------------------------------------------------
[ 2018-06-14T15:19:50+08:00 ] 127.0.0.1 GET /admin/pages/pages.html
[ info ] idatamind.com/admin/pages/pages.html [运行时间：0.023023s][吞吐率：43.44req/s] [内存消耗：1,162.67kb] [文件加载：55]
[ info ] [ LANG ] E:\www\adminlte\thinkphp\lang\zh-cn.php
[ info ] [ ROUTE ] array (
)
[ info ] [ HEADER ] array (
  'accept-language' => 'zh-CN,zh;q=0.9',
  'accept-encoding' => 'gzip, deflate',
  'referer' => 'http://idatamind.com/admin/posts/draft.html',
  'accept' => 'text/html,application/xhtml+xml,application/xml;q=0.9,image/webp,image/apng,*/*;q=0.8',
  'user-agent' => 'Mozilla/5.0 (Windows NT 10.0; WOW64) AppleWebKit/537.36 (KHTML, like Gecko) Chrome/66.0.3359.170 Safari/537.36 OPR/53.0.2907.68',
  'upgrade-insecure-requests' => '1',
  'cache-control' => 'max-age=0',
  'connection' => 'close',
  'host' => 'idatamind.com',
)
[ info ] [ PARAM ] array (
)
[ info ] [ VIEW ] E:\www\adminlte\application\admin\view\pages\pages.html [ array (
) ]
[ info ] [ LOG ] INIT File
---------------------------------------------------------------
[ 2018-06-14T15:19:58+08:00 ] 127.0.0.1 GET /admin/posts/draft.html
[ info ] idatamind.com/admin/posts/draft.html [运行时间：0.021814s][吞吐率：45.84req/s] [内存消耗：1,162.42kb] [文件加载：55]
[ info ] [ LANG ] E:\www\adminlte\thinkphp\lang\zh-cn.php
[ info ] [ ROUTE ] array (
)
[ info ] [ HEADER ] array (
  'accept-language' => 'zh-CN,zh;q=0.9',
  'accept-encoding' => 'gzip, deflate',
  'referer' => 'http://idatamind.com/admin/pages/pages.html',
  'accept' => 'text/html,application/xhtml+xml,application/xml;q=0.9,image/webp,image/apng,*/*;q=0.8',
  'user-agent' => 'Mozilla/5.0 (Windows NT 10.0; WOW64) AppleWebKit/537.36 (KHTML, like Gecko) Chrome/66.0.3359.170 Safari/537.36 OPR/53.0.2907.68',
  'upgrade-insecure-requests' => '1',
  'connection' => 'close',
  'host' => 'idatamind.com',
)
[ info ] [ PARAM ] array (
)
[ info ] [ VIEW ] E:\www\adminlte\application\admin\view\posts\draft.html [ array (
) ]
[ info ] [ LOG ] INIT File
---------------------------------------------------------------
[ 2018-06-14T15:20:00+08:00 ] 127.0.0.1 GET /admin/posts/posts.html
[ info ] idatamind.com/admin/posts/posts.html [运行时间：0.026119s][吞吐率：38.29req/s] [内存消耗：1,329.55kb] [文件加载：57]
[ info ] [ LANG ] E:\www\adminlte\thinkphp\lang\zh-cn.php
[ info ] [ ROUTE ] array (
)
[ info ] [ HEADER ] array (
  'accept-language' => 'zh-CN,zh;q=0.9',
  'accept-encoding' => 'gzip, deflate',
  'referer' => 'http://idatamind.com/admin/posts/draft.html',
  'accept' => 'text/html,application/xhtml+xml,application/xml;q=0.9,image/webp,image/apng,*/*;q=0.8',
  'user-agent' => 'Mozilla/5.0 (Windows NT 10.0; WOW64) AppleWebKit/537.36 (KHTML, like Gecko) Chrome/66.0.3359.170 Safari/537.36 OPR/53.0.2907.68',
  'upgrade-insecure-requests' => '1',
  'connection' => 'close',
  'host' => 'idatamind.com',
)
[ info ] [ PARAM ] array (
)
[ info ] [ VIEW ] E:\www\adminlte\application\admin\view\posts\posts.html [ array (
) ]
[ info ] [ LOG ] INIT File
---------------------------------------------------------------
[ 2018-06-14T15:20:03+08:00 ] 127.0.0.1 GET /admin/posts/add.html
[ info ] idatamind.com/admin/posts/add.html [运行时间：0.024140s][吞吐率：41.42req/s] [内存消耗：1,329.23kb] [文件加载：57]
[ info ] [ LANG ] E:\www\adminlte\thinkphp\lang\zh-cn.php
[ info ] [ ROUTE ] array (
)
[ info ] [ HEADER ] array (
  'accept-language' => 'zh-CN,zh;q=0.9',
  'accept-encoding' => 'gzip, deflate',
  'referer' => 'http://idatamind.com/admin/posts/posts.html',
  'accept' => 'text/html,application/xhtml+xml,application/xml;q=0.9,image/webp,image/apng,*/*;q=0.8',
  'user-agent' => 'Mozilla/5.0 (Windows NT 10.0; WOW64) AppleWebKit/537.36 (KHTML, like Gecko) Chrome/66.0.3359.170 Safari/537.36 OPR/53.0.2907.68',
  'upgrade-insecure-requests' => '1',
  'connection' => 'close',
  'host' => 'idatamind.com',
)
[ info ] [ PARAM ] array (
)
[ info ] [ VIEW ] E:\www\adminlte\application\admin\view\posts\add.html [ array (
) ]
[ info ] [ LOG ] INIT File
---------------------------------------------------------------
[ 2018-06-14T15:20:12+08:00 ] 127.0.0.1 GET /admin/pages/add.html
[ info ] idatamind.com/admin/pages/add.html [运行时间：0.024908s][吞吐率：40.15req/s] [内存消耗：1,329.25kb] [文件加载：57]
[ info ] [ LANG ] E:\www\adminlte\thinkphp\lang\zh-cn.php
[ info ] [ ROUTE ] array (
)
[ info ] [ HEADER ] array (
  'accept-language' => 'zh-CN,zh;q=0.9',
  'accept-encoding' => 'gzip, deflate',
  'referer' => 'http://idatamind.com/admin/posts/add.html',
  'accept' => 'text/html,application/xhtml+xml,application/xml;q=0.9,image/webp,image/apng,*/*;q=0.8',
  'user-agent' => 'Mozilla/5.0 (Windows NT 10.0; WOW64) AppleWebKit/537.36 (KHTML, like Gecko) Chrome/66.0.3359.170 Safari/537.36 OPR/53.0.2907.68',
  'upgrade-insecure-requests' => '1',
  'connection' => 'close',
  'host' => 'idatamind.com',
)
[ info ] [ PARAM ] array (
)
[ info ] [ VIEW ] E:\www\adminlte\application\admin\view\pages\add.html [ array (
) ]
[ info ] [ LOG ] INIT File
---------------------------------------------------------------
[ 2018-06-14T15:20:18+08:00 ] 127.0.0.1 GET /admin/pages/pages.html
[ info ] idatamind.com/admin/pages/pages.html [运行时间：0.022284s][吞吐率：44.88req/s] [内存消耗：1,162.36kb] [文件加载：55]
[ info ] [ LANG ] E:\www\adminlte\thinkphp\lang\zh-cn.php
[ info ] [ ROUTE ] array (
)
[ info ] [ HEADER ] array (
  'accept-language' => 'zh-CN,zh;q=0.9',
  'accept-encoding' => 'gzip, deflate',
  'referer' => 'http://idatamind.com/admin/pages/add.html',
  'accept' => 'text/html,application/xhtml+xml,application/xml;q=0.9,image/webp,image/apng,*/*;q=0.8',
  'user-agent' => 'Mozilla/5.0 (Windows NT 10.0; WOW64) AppleWebKit/537.36 (KHTML, like Gecko) Chrome/66.0.3359.170 Safari/537.36 OPR/53.0.2907.68',
  'upgrade-insecure-requests' => '1',
  'connection' => 'close',
  'host' => 'idatamind.com',
)
[ info ] [ PARAM ] array (
)
[ info ] [ VIEW ] E:\www\adminlte\application\admin\view\pages\pages.html [ array (
) ]
[ info ] [ LOG ] INIT File
---------------------------------------------------------------
[ 2018-06-14T15:20:40+08:00 ] 127.0.0.1 GET /admin/pages/draft.html
[ info ] idatamind.com/admin/pages/draft.html [运行时间：0.024668s][吞吐率：40.54req/s] [内存消耗：1,328.59kb] [文件加载：57]
[ info ] [ LANG ] E:\www\adminlte\thinkphp\lang\zh-cn.php
[ info ] [ ROUTE ] array (
)
[ info ] [ HEADER ] array (
  'accept-language' => 'zh-CN,zh;q=0.9',
  'accept-encoding' => 'gzip, deflate',
  'referer' => 'http://idatamind.com/admin/pages/pages.html',
  'accept' => 'text/html,application/xhtml+xml,application/xml;q=0.9,image/webp,image/apng,*/*;q=0.8',
  'user-agent' => 'Mozilla/5.0 (Windows NT 10.0; WOW64) AppleWebKit/537.36 (KHTML, like Gecko) Chrome/66.0.3359.170 Safari/537.36 OPR/53.0.2907.68',
  'upgrade-insecure-requests' => '1',
  'connection' => 'close',
  'host' => 'idatamind.com',
)
[ info ] [ PARAM ] array (
)
[ info ] [ VIEW ] E:\www\adminlte\application\admin\view\pages\draft.html [ array (
) ]
[ info ] [ LOG ] INIT File
---------------------------------------------------------------
[ 2018-06-14T15:21:01+08:00 ] 127.0.0.1 GET /admin/pages/draft.html
[ info ] idatamind.com/admin/pages/draft.html [运行时间：0.024490s][吞吐率：40.83req/s] [内存消耗：1,328.84kb] [文件加载：57]
[ info ] [ LANG ] E:\www\adminlte\thinkphp\lang\zh-cn.php
[ info ] [ ROUTE ] array (
)
[ info ] [ HEADER ] array (
  'accept-language' => 'zh-CN,zh;q=0.9',
  'accept-encoding' => 'gzip, deflate',
  'referer' => 'http://idatamind.com/admin/pages/pages.html',
  'accept' => 'text/html,application/xhtml+xml,application/xml;q=0.9,image/webp,image/apng,*/*;q=0.8',
  'user-agent' => 'Mozilla/5.0 (Windows NT 10.0; WOW64) AppleWebKit/537.36 (KHTML, like Gecko) Chrome/66.0.3359.170 Safari/537.36 OPR/53.0.2907.68',
  'upgrade-insecure-requests' => '1',
  'cache-control' => 'max-age=0',
  'connection' => 'close',
  'host' => 'idatamind.com',
)
[ info ] [ PARAM ] array (
)
[ info ] [ VIEW ] E:\www\adminlte\application\admin\view\pages\draft.html [ array (
) ]
[ info ] [ LOG ] INIT File
---------------------------------------------------------------
[ 2018-06-14T15:21:06+08:00 ] 127.0.0.1 GET /admin/posts/draft.html
[ info ] idatamind.com/admin/posts/draft.html [运行时间：0.020180s][吞吐率：49.55req/s] [内存消耗：1,162.42kb] [文件加载：55]
[ info ] [ LANG ] E:\www\adminlte\thinkphp\lang\zh-cn.php
[ info ] [ ROUTE ] array (
)
[ info ] [ HEADER ] array (
  'accept-language' => 'zh-CN,zh;q=0.9',
  'accept-encoding' => 'gzip, deflate',
  'referer' => 'http://idatamind.com/admin/pages/draft.html',
  'accept' => 'text/html,application/xhtml+xml,application/xml;q=0.9,image/webp,image/apng,*/*;q=0.8',
  'user-agent' => 'Mozilla/5.0 (Windows NT 10.0; WOW64) AppleWebKit/537.36 (KHTML, like Gecko) Chrome/66.0.3359.170 Safari/537.36 OPR/53.0.2907.68',
  'upgrade-insecure-requests' => '1',
  'connection' => 'close',
  'host' => 'idatamind.com',
)
[ info ] [ PARAM ] array (
)
[ info ] [ VIEW ] E:\www\adminlte\application\admin\view\posts\draft.html [ array (
) ]
[ info ] [ LOG ] INIT File
---------------------------------------------------------------
[ 2018-06-14T15:30:56+08:00 ] 127.0.0.1 GET /admin/posts/draft.html
[ info ] idatamind.com/admin/posts/draft.html [运行时间：0.025995s][吞吐率：38.47req/s] [内存消耗：1,162.66kb] [文件加载：55]
[ info ] [ LANG ] E:\www\adminlte\thinkphp\lang\zh-cn.php
[ info ] [ ROUTE ] array (
)
[ info ] [ HEADER ] array (
  'accept-language' => 'zh-CN,zh;q=0.9',
  'accept-encoding' => 'gzip, deflate',
  'referer' => 'http://idatamind.com/admin/pages/draft.html',
  'accept' => 'text/html,application/xhtml+xml,application/xml;q=0.9,image/webp,image/apng,*/*;q=0.8',
  'user-agent' => 'Mozilla/5.0 (Windows NT 10.0; WOW64) AppleWebKit/537.36 (KHTML, like Gecko) Chrome/66.0.3359.170 Safari/537.36 OPR/53.0.2907.68',
  'upgrade-insecure-requests' => '1',
  'cache-control' => 'max-age=0',
  'connection' => 'close',
  'host' => 'idatamind.com',
)
[ info ] [ PARAM ] array (
)
[ info ] [ VIEW ] E:\www\adminlte\application\admin\view\posts\draft.html [ array (
) ]
[ info ] [ LOG ] INIT File
---------------------------------------------------------------
[ 2018-06-14T15:31:03+08:00 ] 127.0.0.1 GET /admin/pages/pages.html
[ info ] idatamind.com/admin/pages/pages.html [运行时间：0.021903s][吞吐率：45.66req/s] [内存消耗：1,162.41kb] [文件加载：55]
[ info ] [ LANG ] E:\www\adminlte\thinkphp\lang\zh-cn.php
[ info ] [ ROUTE ] array (
)
[ info ] [ HEADER ] array (
  'accept-language' => 'zh-CN,zh;q=0.9',
  'accept-encoding' => 'gzip, deflate',
  'referer' => 'http://idatamind.com/admin/posts/draft.html',
  'accept' => 'text/html,application/xhtml+xml,application/xml;q=0.9,image/webp,image/apng,*/*;q=0.8',
  'user-agent' => 'Mozilla/5.0 (Windows NT 10.0; WOW64) AppleWebKit/537.36 (KHTML, like Gecko) Chrome/66.0.3359.170 Safari/537.36 OPR/53.0.2907.68',
  'upgrade-insecure-requests' => '1',
  'connection' => 'close',
  'host' => 'idatamind.com',
)
[ info ] [ PARAM ] array (
)
[ info ] [ VIEW ] E:\www\adminlte\application\admin\view\pages\pages.html [ array (
) ]
[ info ] [ LOG ] INIT File
---------------------------------------------------------------
[ 2018-06-14T15:31:05+08:00 ] 127.0.0.1 GET /admin/pages/draft.html
[ info ] idatamind.com/admin/pages/draft.html [运行时间：0.023275s][吞吐率：42.96req/s] [内存消耗：1,162.42kb] [文件加载：55]
[ info ] [ LANG ] E:\www\adminlte\thinkphp\lang\zh-cn.php
[ info ] [ ROUTE ] array (
)
[ info ] [ HEADER ] array (
  'accept-language' => 'zh-CN,zh;q=0.9',
  'accept-encoding' => 'gzip, deflate',
  'referer' => 'http://idatamind.com/admin/pages/pages.html',
  'accept' => 'text/html,application/xhtml+xml,application/xml;q=0.9,image/webp,image/apng,*/*;q=0.8',
  'user-agent' => 'Mozilla/5.0 (Windows NT 10.0; WOW64) AppleWebKit/537.36 (KHTML, like Gecko) Chrome/66.0.3359.170 Safari/537.36 OPR/53.0.2907.68',
  'upgrade-insecure-requests' => '1',
  'connection' => 'close',
  'host' => 'idatamind.com',
)
[ info ] [ PARAM ] array (
)
[ info ] [ VIEW ] E:\www\adminlte\application\admin\view\pages\draft.html [ array (
) ]
[ info ] [ LOG ] INIT File
---------------------------------------------------------------
[ 2018-06-14T15:49:23+08:00 ] 127.0.0.1 GET /admin/pages/draft.html
[ info ] idatamind.com/admin/pages/draft.html [运行时间：0.028479s][吞吐率：35.11req/s] [内存消耗：1,329.03kb] [文件加载：57]
[ info ] [ LANG ] E:\www\adminlte\thinkphp\lang\zh-cn.php
[ info ] [ ROUTE ] array (
)
[ info ] [ HEADER ] array (
  'accept-language' => 'zh-CN,zh;q=0.9',
  'accept-encoding' => 'gzip, deflate',
  'referer' => 'http://idatamind.com/admin/pages/pages.html',
  'accept' => 'text/html,application/xhtml+xml,application/xml;q=0.9,image/webp,image/apng,*/*;q=0.8',
  'user-agent' => 'Mozilla/5.0 (Windows NT 10.0; WOW64) AppleWebKit/537.36 (KHTML, like Gecko) Chrome/66.0.3359.170 Safari/537.36 OPR/53.0.2907.68',
  'upgrade-insecure-requests' => '1',
  'cache-control' => 'max-age=0',
  'connection' => 'close',
  'host' => 'idatamind.com',
)
[ info ] [ PARAM ] array (
)
[ info ] [ VIEW ] E:\www\adminlte\application\admin\view\pages\draft.html [ array (
) ]
[ info ] [ LOG ] INIT File
---------------------------------------------------------------
[ 2018-06-14T15:49:25+08:00 ] 127.0.0.1 GET /admin/interaction/applicants.html
[ info ] idatamind.com/admin/interaction/applicants.html [运行时间：0.098732s][吞吐率：10.13req/s] [内存消耗：1,120.05kb] [文件加载：55]
[ info ] [ LANG ] E:\www\adminlte\thinkphp\lang\zh-cn.php
[ info ] [ ROUTE ] array (
)
[ info ] [ HEADER ] array (
  'accept-language' => 'zh-CN,zh;q=0.9',
  'accept-encoding' => 'gzip, deflate',
  'referer' => 'http://idatamind.com/admin/pages/draft.html',
  'accept' => 'text/html,application/xhtml+xml,application/xml;q=0.9,image/webp,image/apng,*/*;q=0.8',
  'user-agent' => 'Mozilla/5.0 (Windows NT 10.0; WOW64) AppleWebKit/537.36 (KHTML, like Gecko) Chrome/66.0.3359.170 Safari/537.36 OPR/53.0.2907.68',
  'upgrade-insecure-requests' => '1',
  'connection' => 'close',
  'host' => 'idatamind.com',
)
[ info ] [ PARAM ] array (
)
[ info ] [ LOG ] INIT File
---------------------------------------------------------------
[ 2018-06-14T15:49:53+08:00 ] 127.0.0.1 GET /admin/pages/draft.html
[ info ] idatamind.com/admin/pages/draft.html [运行时间：0.022132s][吞吐率：45.18req/s] [内存消耗：1,162.69kb] [文件加载：55]
[ info ] [ LANG ] E:\www\adminlte\thinkphp\lang\zh-cn.php
[ info ] [ ROUTE ] array (
)
[ info ] [ HEADER ] array (
  'accept-language' => 'zh-CN,zh;q=0.9',
  'accept-encoding' => 'gzip, deflate',
  'referer' => 'http://idatamind.com/admin/pages/pages.html',
  'accept' => 'text/html,application/xhtml+xml,application/xml;q=0.9,image/webp,image/apng,*/*;q=0.8',
  'user-agent' => 'Mozilla/5.0 (Windows NT 10.0; WOW64) AppleWebKit/537.36 (KHTML, like Gecko) Chrome/66.0.3359.170 Safari/537.36 OPR/53.0.2907.68',
  'upgrade-insecure-requests' => '1',
  'cache-control' => 'max-age=0',
  'connection' => 'close',
  'host' => 'idatamind.com',
)
[ info ] [ PARAM ] array (
)
[ info ] [ VIEW ] E:\www\adminlte\application\admin\view\pages\draft.html [ array (
) ]
[ info ] [ LOG ] INIT File
---------------------------------------------------------------
[ 2018-06-14T15:49:55+08:00 ] 127.0.0.1 GET /admin/interaction/applicants.html
[ info ] idatamind.com/admin/interaction/applicants.html [运行时间：0.046667s][吞吐率：21.43req/s] [内存消耗：1,119.63kb] [文件加载：55]
[ info ] [ LANG ] E:\www\adminlte\thinkphp\lang\zh-cn.php
[ info ] [ ROUTE ] array (
)
[ info ] [ HEADER ] array (
  'accept-language' => 'zh-CN,zh;q=0.9',
  'accept-encoding' => 'gzip, deflate',
  'referer' => 'http://idatamind.com/admin/pages/draft.html',
  'accept' => 'text/html,application/xhtml+xml,application/xml;q=0.9,image/webp,image/apng,*/*;q=0.8',
  'user-agent' => 'Mozilla/5.0 (Windows NT 10.0; WOW64) AppleWebKit/537.36 (KHTML, like Gecko) Chrome/66.0.3359.170 Safari/537.36 OPR/53.0.2907.68',
  'upgrade-insecure-requests' => '1',
  'connection' => 'close',
  'host' => 'idatamind.com',
)
[ info ] [ PARAM ] array (
)
[ info ] [ LOG ] INIT File
[ error ] [0]模板文件不存在:E:\www\adminlte\application\admin\view\interaction\applicants.html[E:\www\adminlte\thinkphp\library\think\view\driver\Think.php:82]
---------------------------------------------------------------
[ 2018-06-14T15:51:45+08:00 ] 127.0.0.1 GET /admin/interaction/applicants.html
[ info ] idatamind.com/admin/interaction/applicants.html [运行时间：0.026111s][吞吐率：38.30req/s] [内存消耗：1,313.17kb] [文件加载：57]
[ info ] [ LANG ] E:\www\adminlte\thinkphp\lang\zh-cn.php
[ info ] [ ROUTE ] array (
)
[ info ] [ HEADER ] array (
  'accept-language' => 'zh-CN,zh;q=0.9',
  'accept-encoding' => 'gzip, deflate',
  'referer' => 'http://idatamind.com/admin/pages/draft.html',
  'accept' => 'text/html,application/xhtml+xml,application/xml;q=0.9,image/webp,image/apng,*/*;q=0.8',
  'user-agent' => 'Mozilla/5.0 (Windows NT 10.0; WOW64) AppleWebKit/537.36 (KHTML, like Gecko) Chrome/66.0.3359.170 Safari/537.36 OPR/53.0.2907.68',
  'upgrade-insecure-requests' => '1',
  'cache-control' => 'max-age=0',
  'connection' => 'close',
  'host' => 'idatamind.com',
)
[ info ] [ PARAM ] array (
)
[ info ] [ VIEW ] E:\www\adminlte\application\admin\view\interaction\applicants.html [ array (
) ]
[ info ] [ LOG ] INIT File
---------------------------------------------------------------
[ 2018-06-14T15:51:49+08:00 ] 127.0.0.1 GET /admin/interaction/messageboard.html
[ info ] idatamind.com/admin/interaction/messageboard.html [运行时间：0.023585s][吞吐率：42.40req/s] [内存消耗：1,312.98kb] [文件加载：57]
[ info ] [ LANG ] E:\www\adminlte\thinkphp\lang\zh-cn.php
[ info ] [ ROUTE ] array (
)
[ info ] [ HEADER ] array (
  'accept-language' => 'zh-CN,zh;q=0.9',
  'accept-encoding' => 'gzip, deflate',
  'referer' => 'http://idatamind.com/admin/interaction/applicants.html',
  'accept' => 'text/html,application/xhtml+xml,application/xml;q=0.9,image/webp,image/apng,*/*;q=0.8',
  'user-agent' => 'Mozilla/5.0 (Windows NT 10.0; WOW64) AppleWebKit/537.36 (KHTML, like Gecko) Chrome/66.0.3359.170 Safari/537.36 OPR/53.0.2907.68',
  'upgrade-insecure-requests' => '1',
  'connection' => 'close',
  'host' => 'idatamind.com',
)
[ info ] [ PARAM ] array (
)
[ info ] [ VIEW ] E:\www\adminlte\application\admin\view\interaction\messageboard.html [ array (
) ]
[ info ] [ LOG ] INIT File
---------------------------------------------------------------
[ 2018-06-14T15:51:51+08:00 ] 127.0.0.1 GET /admin/interaction/comments.html
[ info ] idatamind.com/admin/interaction/comments.html [运行时间：0.044314s][吞吐率：22.57req/s] [内存消耗：1,319.01kb] [文件加载：57]
[ info ] [ LANG ] E:\www\adminlte\thinkphp\lang\zh-cn.php
[ info ] [ ROUTE ] array (
)
[ info ] [ HEADER ] array (
  'accept-language' => 'zh-CN,zh;q=0.9',
  'accept-encoding' => 'gzip, deflate',
  'referer' => 'http://idatamind.com/admin/interaction/messageboard.html',
  'accept' => 'text/html,application/xhtml+xml,application/xml;q=0.9,image/webp,image/apng,*/*;q=0.8',
  'user-agent' => 'Mozilla/5.0 (Windows NT 10.0; WOW64) AppleWebKit/537.36 (KHTML, like Gecko) Chrome/66.0.3359.170 Safari/537.36 OPR/53.0.2907.68',
  'upgrade-insecure-requests' => '1',
  'connection' => 'close',
  'host' => 'idatamind.com',
)
[ info ] [ PARAM ] array (
)
[ info ] [ VIEW ] E:\www\adminlte\application\admin\view\interaction\comments.html [ array (
) ]
[ info ] [ LOG ] INIT File
---------------------------------------------------------------
[ 2018-06-14T15:55:28+08:00 ] 127.0.0.1 GET /admin/interaction/messageboard.html
[ info ] idatamind.com/admin/interaction/messageboard.html [运行时间：0.023544s][吞吐率：42.47req/s] [内存消耗：1,162.66kb] [文件加载：55]
[ info ] [ LANG ] E:\www\adminlte\thinkphp\lang\zh-cn.php
[ info ] [ ROUTE ] array (
)
[ info ] [ HEADER ] array (
  'accept-language' => 'zh-CN,zh;q=0.9',
  'accept-encoding' => 'gzip, deflate',
  'referer' => 'http://idatamind.com/admin/interaction/comments.html',
  'accept' => 'text/html,application/xhtml+xml,application/xml;q=0.9,image/webp,image/apng,*/*;q=0.8',
  'user-agent' => 'Mozilla/5.0 (Windows NT 10.0; WOW64) AppleWebKit/537.36 (KHTML, like Gecko) Chrome/66.0.3359.170 Safari/537.36 OPR/53.0.2907.68',
  'upgrade-insecure-requests' => '1',
  'connection' => 'close',
  'host' => 'idatamind.com',
)
[ info ] [ PARAM ] array (
)
[ info ] [ VIEW ] E:\www\adminlte\application\admin\view\interaction\messageboard.html [ array (
) ]
[ info ] [ LOG ] INIT File
---------------------------------------------------------------
[ 2018-06-14T15:55:30+08:00 ] 127.0.0.1 GET /admin/interaction/comments.html
[ info ] idatamind.com/admin/interaction/comments.html [运行时间：0.020512s][吞吐率：48.75req/s] [内存消耗：1,162.62kb] [文件加载：55]
[ info ] [ LANG ] E:\www\adminlte\thinkphp\lang\zh-cn.php
[ info ] [ ROUTE ] array (
)
[ info ] [ HEADER ] array (
  'accept-language' => 'zh-CN,zh;q=0.9',
  'accept-encoding' => 'gzip, deflate',
  'referer' => 'http://idatamind.com/admin/interaction/messageboard.html',
  'accept' => 'text/html,application/xhtml+xml,application/xml;q=0.9,image/webp,image/apng,*/*;q=0.8',
  'user-agent' => 'Mozilla/5.0 (Windows NT 10.0; WOW64) AppleWebKit/537.36 (KHTML, like Gecko) Chrome/66.0.3359.170 Safari/537.36 OPR/53.0.2907.68',
  'upgrade-insecure-requests' => '1',
  'connection' => 'close',
  'host' => 'idatamind.com',
)
[ info ] [ PARAM ] array (
)
[ info ] [ VIEW ] E:\www\adminlte\application\admin\view\interaction\comments.html [ array (
) ]
[ info ] [ LOG ] INIT File
---------------------------------------------------------------
[ 2018-06-14T16:06:08+08:00 ] 127.0.0.1 GET /admin/posts/add.html
[ info ] idatamind.com/admin/posts/add.html [运行时间：0.028304s][吞吐率：35.33req/s] [内存消耗：1,329.39kb] [文件加载：57]
[ info ] [ LANG ] E:\www\adminlte\thinkphp\lang\zh-cn.php
[ info ] [ ROUTE ] array (
)
[ info ] [ HEADER ] array (
  'accept-language' => 'zh-CN,zh;q=0.9',
  'accept-encoding' => 'gzip, deflate',
  'referer' => 'http://idatamind.com/admin/interaction/comments.html',
  'accept' => 'text/html,application/xhtml+xml,application/xml;q=0.9,image/webp,image/apng,*/*;q=0.8',
  'user-agent' => 'Mozilla/5.0 (Windows NT 10.0; WOW64) AppleWebKit/537.36 (KHTML, like Gecko) Chrome/66.0.3359.170 Safari/537.36 OPR/53.0.2907.68',
  'upgrade-insecure-requests' => '1',
  'connection' => 'close',
  'host' => 'idatamind.com',
)
[ info ] [ PARAM ] array (
)
[ info ] [ VIEW ] E:\www\adminlte\application\admin\view\posts\add.html [ array (
) ]
[ info ] [ LOG ] INIT File
