---------------------------------------------------------------
[ 2018-06-17T09:36:30+08:00 ] 127.0.0.1 GET /admin/index/index
[ info ] idatamind.com/admin/index/index [运行时间：0.043486s][吞吐率：23.00req/s] [内存消耗：1,161.56kb] [文件加载：55]
[ info ] [ LANG ] E:\www\adminlte\thinkphp\lang\zh-cn.php
[ info ] [ ROUTE ] array (
)
[ info ] [ HEADER ] array (
  'accept-language' => 'zh-CN,zh;q=0.9',
  'accept-encoding' => 'gzip, deflate',
  'accept' => 'text/html,application/xhtml+xml,application/xml;q=0.9,image/webp,image/apng,*/*;q=0.8',
  'user-agent' => 'Mozilla/5.0 (Windows NT 10.0; WOW64) AppleWebKit/537.36 (KHTML, like Gecko) Chrome/66.0.3359.170 Safari/537.36 OPR/53.0.2907.99',
  'upgrade-insecure-requests' => '1',
  'connection' => 'close',
  'host' => 'idatamind.com',
)
[ info ] [ PARAM ] array (
)
[ info ] [ VIEW ] E:\www\adminlte\application\admin\view\index\index.html [ array (
) ]
[ info ] [ LOG ] INIT File
---------------------------------------------------------------
[ 2018-06-17T13:44:00+08:00 ] 127.0.0.1 GET /admin/index/index
[ info ] idatamind.com/admin/index/index [运行时间：0.024102s][吞吐率：41.49req/s] [内存消耗：1,161.57kb] [文件加载：55]
[ info ] [ LANG ] E:\www\adminlte\thinkphp\lang\zh-cn.php
[ info ] [ ROUTE ] array (
)
[ info ] [ HEADER ] array (
  'accept-language' => 'zh-CN,zh;q=0.9',
  'accept-encoding' => 'gzip, deflate',
  'accept' => 'text/html,application/xhtml+xml,application/xml;q=0.9,image/webp,image/apng,*/*;q=0.8',
  'user-agent' => 'Mozilla/5.0 (Windows NT 10.0; WOW64) AppleWebKit/537.36 (KHTML, like Gecko) Chrome/66.0.3359.170 Safari/537.36 OPR/53.0.2907.99',
  'upgrade-insecure-requests' => '1',
  'connection' => 'close',
  'host' => 'idatamind.com',
)
[ info ] [ PARAM ] array (
)
[ info ] [ VIEW ] E:\www\adminlte\application\admin\view\index\index.html [ array (
) ]
[ info ] [ LOG ] INIT File
---------------------------------------------------------------
[ 2018-06-17T13:44:03+08:00 ] 127.0.0.1 GET /admin/interaction/applicants.html
[ info ] idatamind.com/admin/interaction/applicants.html [运行时间：0.047642s][吞吐率：20.99req/s] [内存消耗：1,162.55kb] [文件加载：55]
[ info ] [ LANG ] E:\www\adminlte\thinkphp\lang\zh-cn.php
[ info ] [ ROUTE ] array (
)
[ info ] [ HEADER ] array (
  'accept-language' => 'zh-CN,zh;q=0.9',
  'accept-encoding' => 'gzip, deflate',
  'referer' => 'http://idatamind.com/admin/index/index',
  'accept' => 'text/html,application/xhtml+xml,application/xml;q=0.9,image/webp,image/apng,*/*;q=0.8',
  'user-agent' => 'Mozilla/5.0 (Windows NT 10.0; WOW64) AppleWebKit/537.36 (KHTML, like Gecko) Chrome/66.0.3359.170 Safari/537.36 OPR/53.0.2907.99',
  'upgrade-insecure-requests' => '1',
  'connection' => 'close',
  'host' => 'idatamind.com',
)
[ info ] [ PARAM ] array (
)
[ info ] [ VIEW ] E:\www\adminlte\application\admin\view\interaction\applicants.html [ array (
) ]
[ info ] [ LOG ] INIT File
---------------------------------------------------------------
[ 2018-06-17T13:47:45+08:00 ] 127.0.0.1 GET /admin/interaction/applicants.html
[ info ] idatamind.com/admin/interaction/applicants.html [运行时间：0.027894s][吞吐率：35.85req/s] [内存消耗：1,322.09kb] [文件加载：57]
[ info ] [ LANG ] E:\www\adminlte\thinkphp\lang\zh-cn.php
[ info ] [ ROUTE ] array (
)
[ info ] [ HEADER ] array (
  'accept-language' => 'zh-CN,zh;q=0.9',
  'accept-encoding' => 'gzip, deflate',
  'referer' => 'http://idatamind.com/admin/index/index',
  'accept' => 'text/html,application/xhtml+xml,application/xml;q=0.9,image/webp,image/apng,*/*;q=0.8',
  'user-agent' => 'Mozilla/5.0 (Windows NT 10.0; WOW64) AppleWebKit/537.36 (KHTML, like Gecko) Chrome/66.0.3359.170 Safari/537.36 OPR/53.0.2907.99',
  'upgrade-insecure-requests' => '1',
  'cache-control' => 'max-age=0',
  'connection' => 'close',
  'host' => 'idatamind.com',
)
[ info ] [ PARAM ] array (
)
[ info ] [ VIEW ] E:\www\adminlte\application\admin\view\interaction\applicants.html [ array (
) ]
[ info ] [ LOG ] INIT File
---------------------------------------------------------------
[ 2018-06-17T13:48:10+08:00 ] 127.0.0.1 GET /admin/interaction/applicants.html
[ info ] idatamind.com/admin/interaction/applicants.html [运行时间：0.023826s][吞吐率：41.97req/s] [内存消耗：1,322.09kb] [文件加载：57]
[ info ] [ LANG ] E:\www\adminlte\thinkphp\lang\zh-cn.php
[ info ] [ ROUTE ] array (
)
[ info ] [ HEADER ] array (
  'accept-language' => 'zh-CN,zh;q=0.9',
  'accept-encoding' => 'gzip, deflate',
  'referer' => 'http://idatamind.com/admin/index/index',
  'accept' => 'text/html,application/xhtml+xml,application/xml;q=0.9,image/webp,image/apng,*/*;q=0.8',
  'user-agent' => 'Mozilla/5.0 (Windows NT 10.0; WOW64) AppleWebKit/537.36 (KHTML, like Gecko) Chrome/66.0.3359.170 Safari/537.36 OPR/53.0.2907.99',
  'upgrade-insecure-requests' => '1',
  'cache-control' => 'max-age=0',
  'connection' => 'close',
  'host' => 'idatamind.com',
)
[ info ] [ PARAM ] array (
)
[ info ] [ VIEW ] E:\www\adminlte\application\admin\view\interaction\applicants.html [ array (
) ]
[ info ] [ LOG ] INIT File
